0:0:0:0:0:0:0:1 - - [23/nov./2016:09:43:41 +0000] "POST //localhost:8092/my-security/oauth/token HTTP/1.1" 401 102 "-" "Mozilla/5.0 (Macintosh; Intel Mac OS X 10_11_5) AppleWebKit/537.36 (KHTML, like Gecko) Chrome/54.0.2840.98 Safari/537.36" 60
0:0:0:0:0:0:0:1 - - [23/nov./2016:09:43:43 +0000] "POST //localhost:8092/my-security/oauth/token HTTP/1.1" 200 123 "-" "Mozilla/5.0 (Macintosh; Intel Mac OS X 10_11_5) AppleWebKit/537.36 (KHTML, like Gecko) Chrome/54.0.2840.98 Safari/537.36" 173
0:0:0:0:0:0:0:1 - - [23/nov./2016:09:43:45 +0000] "POST //localhost:8092/my-security/oauth/token HTTP/1.1" 200 123 "-" "Mozilla/5.0 (Macintosh; Intel Mac OS X 10_11_5) AppleWebKit/537.36 (KHTML, like Gecko) Chrome/54.0.2840.98 Safari/537.36" 21
0:0:0:0:0:0:0:1 - - [23/nov./2016:09:44:02 +0000] "POST //localhost:8092/my-security/oauth/token HTTP/1.1" 200 123 "-" "Mozilla/5.0 (Macintosh; Intel Mac OS X 10_11_5) AppleWebKit/537.36 (KHTML, like Gecko) Chrome/54.0.2840.98 Safari/537.36" 14
0:0:0:0:0:0:0:1 - - [23/nov./2016:09:44:19 +0000] "POST //localhost:8092/my-security/oauth/check_token?token=4c745d47-17ab-40e5-ab3b-284973cd9c1a HTTP/1.1" 200 71 "-" "Mozilla/5.0 (Macintosh; Intel Mac OS X 10_11_5) AppleWebKit/537.36 (KHTML, like Gecko) Chrome/54.0.2840.98 Safari/537.36" 25
0:0:0:0:0:0:0:1 - - [23/nov./2016:09:44:51 +0000] "POST //localhost:8092/my-security/oauth/check_token?token=4c745d47-17ab-40e5-ab3b-284973cd9c1a HTTP/1.1" 200 71 "-" "Mozilla/5.0 (Macintosh; Intel Mac OS X 10_11_5) AppleWebKit/537.36 (KHTML, like Gecko) Chrome/54.0.2840.98 Safari/537.36" 15
0:0:0:0:0:0:0:1 - - [23/nov./2016:09:45:08 +0000] "GET //localhost:8092/my-security/oauth/authorize?response_type=code&client_id=test&redirect_uri=http://localhost:8080/demo/* HTTP/1.1" 302 0 "-" "Mozilla/5.0 (Macintosh; Intel Mac OS X 10_11_5) AppleWebKit/537.36 (KHTML, like Gecko) Chrome/54.0.2840.98 Safari/537.36" 14
0:0:0:0:0:0:0:1 - - [23/nov./2016:09:45:08 +0000] "GET //localhost:8092/my-security/login HTTP/1.1" 200 562 "-" "Mozilla/5.0 (Macintosh; Intel Mac OS X 10_11_5) AppleWebKit/537.36 (KHTML, like Gecko) Chrome/54.0.2840.98 Safari/537.36" 3
0:0:0:0:0:0:0:1 - - [23/nov./2016:09:45:08 +0000] "GET //localhost:8092/favicon.ico HTTP/1.1" 404 0 "http://localhost:8092/my-security/login" "Mozilla/5.0 (Macintosh; Intel Mac OS X 10_11_5) AppleWebKit/537.36 (KHTML, like Gecko) Chrome/54.0.2840.98 Safari/537.36" 1
0:0:0:0:0:0:0:1 - - [23/nov./2016:09:45:44 +0000] "GET //localhost:8092/my-security/oauth/authorize?response_type=code&client_id=test&redirect_uri=http://localhost:8080/demo/* HTTP/1.1" 302 0 "-" "Mozilla/5.0 (Macintosh; Intel Mac OS X 10_11_5) AppleWebKit/537.36 (KHTML, like Gecko) Chrome/54.0.2840.98 Safari/537.36" 7
0:0:0:0:0:0:0:1 - - [23/nov./2016:09:45:44 +0000] "GET //localhost:8092/my-security/login HTTP/1.1" 200 562 "-" "Mozilla/5.0 (Macintosh; Intel Mac OS X 10_11_5) AppleWebKit/537.36 (KHTML, like Gecko) Chrome/54.0.2840.98 Safari/537.36" 1
0:0:0:0:0:0:0:1 - - [23/nov./2016:09:46:06 +0000] "GET //localhost:8092/my-security/oauth/authorize?response_type=code&client_id=test&redirect_uri=http://localhost:8080/demo/* HTTP/1.1" 302 0 "-" "Mozilla/5.0 (Macintosh; Intel Mac OS X 10_11_5) AppleWebKit/537.36 (KHTML, like Gecko) Chrome/54.0.2840.98 Safari/537.36" 3
0:0:0:0:0:0:0:1 - - [23/nov./2016:09:46:06 +0000] "GET //localhost:8092/my-security/login HTTP/1.1" 200 562 "-" "Mozilla/5.0 (Macintosh; Intel Mac OS X 10_11_5) AppleWebKit/537.36 (KHTML, like Gecko) Chrome/54.0.2840.98 Safari/537.36" 1
0:0:0:0:0:0:0:1 - - [23/nov./2016:09:46:14 +0000] "POST //localhost:8092/my-security/login HTTP/1.1" 302 0 "http://localhost:8092/my-security/login" "Mozilla/5.0 (Macintosh; Intel Mac OS X 10_11_5) AppleWebKit/537.36 (KHTML, like Gecko) Chrome/54.0.2840.98 Safari/537.36" 3
0:0:0:0:0:0:0:1 - - [23/nov./2016:09:46:14 +0000] "GET //localhost:8092/my-security/oauth/authorize?response_type=code&client_id=test&redirect_uri=http://localhost:8080/demo/* HTTP/1.1" 200 746 "http://localhost:8092/my-security/login" "Mozilla/5.0 (Macintosh; Intel Mac OS X 10_11_5) AppleWebKit/537.36 (KHTML, like Gecko) Chrome/54.0.2840.98 Safari/537.36" 26
0:0:0:0:0:0:0:1 - - [23/nov./2016:09:46:25 +0000] "POST //localhost:8092/my-security/oauth/authorize HTTP/1.1" 302 0 "http://localhost:8092/my-security/oauth/authorize?response_type=code&client_id=test&redirect_uri=http://localhost:8080/demo/*" "Mozilla/5.0 (Macintosh; Intel Mac OS X 10_11_5) AppleWebKit/537.36 (KHTML, like Gecko) Chrome/54.0.2840.98 Safari/537.36" 11
0:0:0:0:0:0:0:1 - - [23/nov./2016:09:48:51 +0000] "GET //localhost:8092/my-security/oauth/authorize?response_type=code&client_id=test&redirect_uri=http://localhost:8080/demo/* HTTP/1.1" 200 746 "http://localhost:8092/my-security/login" "Mozilla/5.0 (Macintosh; Intel Mac OS X 10_11_5) AppleWebKit/537.36 (KHTML, like Gecko) Chrome/54.0.2840.98 Safari/537.36" 7
0:0:0:0:0:0:0:1 - - [23/nov./2016:09:48:53 +0000] "POST //localhost:8092/my-security/oauth/authorize HTTP/1.1" 302 0 "http://localhost:8092/my-security/oauth/authorize?response_type=code&client_id=test&redirect_uri=http://localhost:8080/demo/*" "Mozilla/5.0 (Macintosh; Intel Mac OS X 10_11_5) AppleWebKit/537.36 (KHTML, like Gecko) Chrome/54.0.2840.98 Safari/537.36" 4
0:0:0:0:0:0:0:1 - - [23/nov./2016:09:56:47 +0000] "GET //localhost:8092/my-security/oauth/authorize?response_type=code&client_id=test&redirect_uri=http://localhost:8080/demo/* HTTP/1.1" 200 746 "http://localhost:8092/my-security/login" "Mozilla/5.0 (Macintosh; Intel Mac OS X 10_11_5) AppleWebKit/537.36 (KHTML, like Gecko) Chrome/54.0.2840.98 Safari/537.36" 15
0:0:0:0:0:0:0:1 - - [23/nov./2016:09:56:52 +0000] "GET //localhost:8092/my-security/login HTTP/1.1" 200 562 "-" "Mozilla/5.0 (Macintosh; Intel Mac OS X 10_11_5) AppleWebKit/537.36 (KHTML, like Gecko) Chrome/54.0.2840.98 Safari/537.36" 2
0:0:0:0:0:0:0:1 - - [23/nov./2016:09:59:12 +0000] "GET //localhost:8092/fivory/oauth/authorize?response_type=code&client_id=test&redirect_uri=http://localhost:8080/demo/* HTTP/1.1" 404 0 "-" "Mozilla/5.0 (Macintosh; Intel Mac OS X 10_11_5) AppleWebKit/537.36 (KHTML, like Gecko) Chrome/54.0.2840.98 Safari/537.36" 1
0:0:0:0:0:0:0:1 - - [23/nov./2016:09:59:15 +0000] "GET //localhost:8092/fivory/oauth/authorize?response_type=code&client_id=test&redirect_uri=http://localhost:8080/demo/* HTTP/1.1" 404 0 "-" "Mozilla/5.0 (Macintosh; Intel Mac OS X 10_11_5) AppleWebKit/537.36 (KHTML, like Gecko) Chrome/54.0.2840.98 Safari/537.36" 1
0:0:0:0:0:0:0:1 - - [23/nov./2016:09:59:17 +0000] "GET //localhost:8092/fivory/oauth/authorize?response_type=code&client_id=test&redirect_uri=http://localhost:8080/demo/* HTTP/1.1" 404 0 "-" "Mozilla/5.0 (Macintosh; Intel Mac OS X 10_11_5) AppleWebKit/537.36 (KHTML, like Gecko) Chrome/54.0.2840.98 Safari/537.36" 1
0:0:0:0:0:0:0:1 - - [23/nov./2016:09:59:22 +0000] "GET //localhost:8092/my-security/oauth/authorize?response_type=code&client_id=test&redirect_uri=http://localhost:8080/demo/* HTTP/1.1" 200 746 "-" "Mozilla/5.0 (Macintosh; Intel Mac OS X 10_11_5) AppleWebKit/537.36 (KHTML, like Gecko) Chrome/54.0.2840.98 Safari/537.36" 6
0:0:0:0:0:0:0:1 - - [23/nov./2016:09:59:45 +0000] "GET //localhost:8092/my-security/oauth/authorize?response_type=code&client_id=test&redirect_uri=http://localhost:8080/demo/* HTTP/1.1" 302 0 "-" "Mozilla/5.0 (Macintosh; Intel Mac OS X 10_11_5) AppleWebKit/537.36 (KHTML, like Gecko) Chrome/54.0.2840.98 Safari/537.36" 3
0:0:0:0:0:0:0:1 - - [23/nov./2016:09:59:45 +0000] "GET //localhost:8092/my-security/login HTTP/1.1" 200 562 "-" "Mozilla/5.0 (Macintosh; Intel Mac OS X 10_11_5) AppleWebKit/537.36 (KHTML, like Gecko) Chrome/54.0.2840.98 Safari/537.36" 2
0:0:0:0:0:0:0:1 - - [23/nov./2016:10:01:22 +0000] "GET //localhost:8092/my-security/login HTTP/1.1" 200 562 "-" "Mozilla/5.0 (Macintosh; Intel Mac OS X 10_11_5) AppleWebKit/537.36 (KHTML, like Gecko) Chrome/54.0.2840.98 Safari/537.36" 1
0:0:0:0:0:0:0:1 - - [23/nov./2016:10:07:33 +0000] "POST //localhost:8092/my-security/login HTTP/1.1" 302 0 "http://localhost:8092/my-security/login" "Mozilla/5.0 (Macintosh; Intel Mac OS X 10_11_5) AppleWebKit/537.36 (KHTML, like Gecko) Chrome/54.0.2840.98 Safari/537.36" 2
0:0:0:0:0:0:0:1 - - [23/nov./2016:10:07:33 +0000] "GET //localhost:8092/my-security/oauth/authorize?response_type=code&client_id=test&redirect_uri=http://localhost:8080/demo/* HTTP/1.1" 200 746 "http://localhost:8092/my-security/login" "Mozilla/5.0 (Macintosh; Intel Mac OS X 10_11_5) AppleWebKit/537.36 (KHTML, like Gecko) Chrome/54.0.2840.98 Safari/537.36" 6
0:0:0:0:0:0:0:1 - - [23/nov./2016:10:09:51 +0000] "POST //localhost:8092/my-security/oauth/authorize HTTP/1.1" 302 0 "http://localhost:8092/my-security/oauth/authorize?response_type=code&client_id=test&redirect_uri=http://localhost:8080/demo/*" "Mozilla/5.0 (Macintosh; Intel Mac OS X 10_11_5) AppleWebKit/537.36 (KHTML, like Gecko) Chrome/54.0.2840.98 Safari/537.36" 2
0:0:0:0:0:0:0:1 - - [23/nov./2016:10:43:11 +0000] "GET //localhost:8092/my-security/oauth/authorize?response_type=code&client_id=test&redirect_uri=http://localhost:8080/demo/* HTTP/1.1" 200 746 "-" "Mozilla/5.0 (Macintosh; Intel Mac OS X 10_11_5) AppleWebKit/537.36 (KHTML, like Gecko) Chrome/54.0.2840.98 Safari/537.36" 10
0:0:0:0:0:0:0:1 - - [23/nov./2016:10:49:29 +0000] "POST //localhost:8092/my-security/oauth/authorize HTTP/1.1" 403 0 "http://localhost:8092/my-security/oauth/authorize?response_type=code&client_id=test&redirect_uri=http://localhost:8080/demo/*" "Mozilla/5.0 (Macintosh; Intel Mac OS X 10_11_5) AppleWebKit/537.36 (KHTML, like Gecko) Chrome/54.0.2840.98 Safari/537.36" 30
0:0:0:0:0:0:0:1 - - [23/nov./2016:10:49:31 +0000] "GET //localhost:8092/my-security/oauth/authorize?response_type=code&client_id=test&redirect_uri=http://localhost:8080/demo/* HTTP/1.1" 302 0 "-" "Mozilla/5.0 (Macintosh; Intel Mac OS X 10_11_5) AppleWebKit/537.36 (KHTML, like Gecko) Chrome/54.0.2840.98 Safari/537.36" 22
0:0:0:0:0:0:0:1 - - [23/nov./2016:10:49:31 +0000] "GET //localhost:8092/my-security/login HTTP/1.1" 404 0 "-" "Mozilla/5.0 (Macintosh; Intel Mac OS X 10_11_5) AppleWebKit/537.36 (KHTML, like Gecko) Chrome/54.0.2840.98 Safari/537.36" 9
0:0:0:0:0:0:0:1 - - [23/nov./2016:10:49:43 +0000] "GET //localhost:8092/my-security/oauth/authorize?response_type=code&client_id=test&redirect_uri=http://localhost:8080/demo/* HTTP/1.1" 302 0 "-" "Mozilla/5.0 (Macintosh; Intel Mac OS X 10_11_5) AppleWebKit/537.36 (KHTML, like Gecko) Chrome/54.0.2840.98 Safari/537.36" 7
0:0:0:0:0:0:0:1 - - [23/nov./2016:10:49:43 +0000] "GET //localhost:8092/my-security/login HTTP/1.1" 404 0 "-" "Mozilla/5.0 (Macintosh; Intel Mac OS X 10_11_5) AppleWebKit/537.36 (KHTML, like Gecko) Chrome/54.0.2840.98 Safari/537.36" 2
0:0:0:0:0:0:0:1 - - [23/nov./2016:10:54:32 +0000] "GET //localhost:8092/my-security/login HTTP/1.1" 500 0 "-" "Mozilla/5.0 (Macintosh; Intel Mac OS X 10_11_5) AppleWebKit/537.36 (KHTML, like Gecko) Chrome/54.0.2840.98 Safari/537.36" 35
0:0:0:0:0:0:0:1 - - [23/nov./2016:10:58:44 +0000] "GET //localhost:8092/my-security/login HTTP/1.1" 302 0 "-" "Mozilla/5.0 (Macintosh; Intel Mac OS X 10_11_5) AppleWebKit/537.36 (KHTML, like Gecko) Chrome/54.0.2840.98 Safari/537.36" 43
0:0:0:0:0:0:0:1 - - [23/nov./2016:10:58:44 +0000] "GET //localhost:8092/my-security/my-security/login HTTP/1.1" 404 0 "-" "Mozilla/5.0 (Macintosh; Intel Mac OS X 10_11_5) AppleWebKit/537.36 (KHTML, like Gecko) Chrome/54.0.2840.98 Safari/537.36" 9
0:0:0:0:0:0:0:1 - - [23/nov./2016:11:00:12 +0000] "GET //localhost:8092/my-security/my-security/login HTTP/1.1" 302 0 "-" "Mozilla/5.0 (Macintosh; Intel Mac OS X 10_11_5) AppleWebKit/537.36 (KHTML, like Gecko) Chrome/54.0.2840.98 Safari/537.36" 39
0:0:0:0:0:0:0:1 - - [23/nov./2016:11:00:12 +0000] "GET //localhost:8092/my-security/login HTTP/1.1" 500 0 "-" "Mozilla/5.0 (Macintosh; Intel Mac OS X 10_11_5) AppleWebKit/537.36 (KHTML, like Gecko) Chrome/54.0.2840.98 Safari/537.36" 13
0:0:0:0:0:0:0:1 - - [23/nov./2016:11:00:13 +0000] "GET //localhost:8092/my-security/login HTTP/1.1" 500 0 "-" "Mozilla/5.0 (Macintosh; Intel Mac OS X 10_11_5) AppleWebKit/537.36 (KHTML, like Gecko) Chrome/54.0.2840.98 Safari/537.36" 5
0:0:0:0:0:0:0:1 - - [23/nov./2016:11:03:04 +0000] "GET //localhost:8092/my-security/login HTTP/1.1" 404 0 "-" "Mozilla/5.0 (Macintosh; Intel Mac OS X 10_11_5) AppleWebKit/537.36 (KHTML, like Gecko) Chrome/54.0.2840.98 Safari/537.36" 34
0:0:0:0:0:0:0:1 - - [23/nov./2016:11:03:09 +0000] "GET //localhost:8092/my-security/loginsd HTTP/1.1" 302 0 "-" "Mozilla/5.0 (Macintosh; Intel Mac OS X 10_11_5) AppleWebKit/537.36 (KHTML, like Gecko) Chrome/54.0.2840.98 Safari/537.36" 15
0:0:0:0:0:0:0:1 - - [23/nov./2016:11:03:09 +0000] "GET //localhost:8092/my-security/login HTTP/1.1" 404 0 "-" "Mozilla/5.0 (Macintosh; Intel Mac OS X 10_11_5) AppleWebKit/537.36 (KHTML, like Gecko) Chrome/54.0.2840.98 Safari/537.36" 5
0:0:0:0:0:0:0:1 - - [23/nov./2016:11:03:37 +0000] "GET //localhost:8092/my-security/login HTTP/1.1" 404 0 "-" "Mozilla/5.0 (Macintosh; Intel Mac OS X 10_11_5) AppleWebKit/537.36 (KHTML, like Gecko) Chrome/54.0.2840.98 Safari/537.36" 31
0:0:0:0:0:0:0:1 - - [23/nov./2016:11:09:34 +0000] "GET //localhost:8092/my-security/login HTTP/1.1" 500 0 "-" "Mozilla/5.0 (Macintosh; Intel Mac OS X 10_11_5) AppleWebKit/537.36 (KHTML, like Gecko) Chrome/54.0.2840.98 Safari/537.36" 35
0:0:0:0:0:0:0:1 - - [23/nov./2016:11:09:36 +0000] "GET //localhost:8092/my-security/login HTTP/1.1" 500 0 "-" "Mozilla/5.0 (Macintosh; Intel Mac OS X 10_11_5) AppleWebKit/537.36 (KHTML, like Gecko) Chrome/54.0.2840.98 Safari/537.36" 3
0:0:0:0:0:0:0:1 - - [23/nov./2016:11:09:38 +0000] "GET //localhost:8092/my-security/login HTTP/1.1" 500 0 "-" "Mozilla/5.0 (Macintosh; Intel Mac OS X 10_11_5) AppleWebKit/537.36 (KHTML, like Gecko) Chrome/54.0.2840.98 Safari/537.36" 3
0:0:0:0:0:0:0:1 - - [23/nov./2016:11:09:39 +0000] "GET //localhost:8092/my-security/login HTTP/1.1" 500 0 "-" "Mozilla/5.0 (Macintosh; Intel Mac OS X 10_11_5) AppleWebKit/537.36 (KHTML, like Gecko) Chrome/54.0.2840.98 Safari/537.36" 3
0:0:0:0:0:0:0:1 - - [23/nov./2016:11:09:39 +0000] "GET //localhost:8092/my-security/login HTTP/1.1" 500 0 "-" "Mozilla/5.0 (Macintosh; Intel Mac OS X 10_11_5) AppleWebKit/537.36 (KHTML, like Gecko) Chrome/54.0.2840.98 Safari/537.36" 3
0:0:0:0:0:0:0:1 - - [23/nov./2016:11:09:40 +0000] "GET //localhost:8092/my-security/login HTTP/1.1" 500 0 "-" "Mozilla/5.0 (Macintosh; Intel Mac OS X 10_11_5) AppleWebKit/537.36 (KHTML, like Gecko) Chrome/54.0.2840.98 Safari/537.36" 2
0:0:0:0:0:0:0:1 - - [23/nov./2016:11:09:40 +0000] "GET //localhost:8092/my-security/login HTTP/1.1" 500 0 "-" "Mozilla/5.0 (Macintosh; Intel Mac OS X 10_11_5) AppleWebKit/537.36 (KHTML, like Gecko) Chrome/54.0.2840.98 Safari/537.36" 3
0:0:0:0:0:0:0:1 - - [23/nov./2016:11:15:33 +0000] "GET //localhost:8092/my-security/login HTTP/1.1" 302 0 "-" "Mozilla/5.0 (Macintosh; Intel Mac OS X 10_11_5) AppleWebKit/537.36 (KHTML, like Gecko) Chrome/54.0.2840.98 Safari/537.36" 38
0:0:0:0:0:0:0:1 - - [23/nov./2016:11:15:33 +0000] "GET //localhost:8092/my-security/login.html HTTP/1.1" 302 0 "-" "Mozilla/5.0 (Macintosh; Intel Mac OS X 10_11_5) AppleWebKit/537.36 (KHTML, like Gecko) Chrome/54.0.2840.98 Safari/537.36" 5
0:0:0:0:0:0:0:1 - - [23/nov./2016:11:15:33 +0000] "GET //localhost:8092/my-security/login.html HTTP/1.1" 302 0 "-" "Mozilla/5.0 (Macintosh; Intel Mac OS X 10_11_5) AppleWebKit/537.36 (KHTML, like Gecko) Chrome/54.0.2840.98 Safari/537.36" 5
0:0:0:0:0:0:0:1 - - [23/nov./2016:11:15:33 +0000] "GET //localhost:8092/my-security/login.html HTTP/1.1" 302 0 "-" "Mozilla/5.0 (Macintosh; Intel Mac OS X 10_11_5) AppleWebKit/537.36 (KHTML, like Gecko) Chrome/54.0.2840.98 Safari/537.36" 3
0:0:0:0:0:0:0:1 - - [23/nov./2016:11:15:33 +0000] "GET //localhost:8092/my-security/login.html HTTP/1.1" 302 0 "-" "Mozilla/5.0 (Macintosh; Intel Mac OS X 10_11_5) AppleWebKit/537.36 (KHTML, like Gecko) Chrome/54.0.2840.98 Safari/537.36" 4
0:0:0:0:0:0:0:1 - - [23/nov./2016:11:15:33 +0000] "GET //localhost:8092/my-security/login.html HTTP/1.1" 302 0 "-" "Mozilla/5.0 (Macintosh; Intel Mac OS X 10_11_5) AppleWebKit/537.36 (KHTML, like Gecko) Chrome/54.0.2840.98 Safari/537.36" 3
0:0:0:0:0:0:0:1 - - [23/nov./2016:11:15:33 +0000] "GET //localhost:8092/my-security/login.html HTTP/1.1" 302 0 "-" "Mozilla/5.0 (Macintosh; Intel Mac OS X 10_11_5) AppleWebKit/537.36 (KHTML, like Gecko) Chrome/54.0.2840.98 Safari/537.36" 2
0:0:0:0:0:0:0:1 - - [23/nov./2016:11:15:33 +0000] "GET //localhost:8092/my-security/login.html HTTP/1.1" 302 0 "-" "Mozilla/5.0 (Macintosh; Intel Mac OS X 10_11_5) AppleWebKit/537.36 (KHTML, like Gecko) Chrome/54.0.2840.98 Safari/537.36" 2
0:0:0:0:0:0:0:1 - - [23/nov./2016:11:15:33 +0000] "GET //localhost:8092/my-security/login.html HTTP/1.1" 302 0 "-" "Mozilla/5.0 (Macintosh; Intel Mac OS X 10_11_5) AppleWebKit/537.36 (KHTML, like Gecko) Chrome/54.0.2840.98 Safari/537.36" 2
0:0:0:0:0:0:0:1 - - [23/nov./2016:11:15:33 +0000] "GET //localhost:8092/my-security/login.html HTTP/1.1" 302 0 "-" "Mozilla/5.0 (Macintosh; Intel Mac OS X 10_11_5) AppleWebKit/537.36 (KHTML, like Gecko) Chrome/54.0.2840.98 Safari/537.36" 2
0:0:0:0:0:0:0:1 - - [23/nov./2016:11:15:33 +0000] "GET //localhost:8092/my-security/login.html HTTP/1.1" 302 0 "-" "Mozilla/5.0 (Macintosh; Intel Mac OS X 10_11_5) AppleWebKit/537.36 (KHTML, like Gecko) Chrome/54.0.2840.98 Safari/537.36" 2
0:0:0:0:0:0:0:1 - - [23/nov./2016:11:15:33 +0000] "GET //localhost:8092/my-security/login.html HTTP/1.1" 302 0 "-" "Mozilla/5.0 (Macintosh; Intel Mac OS X 10_11_5) AppleWebKit/537.36 (KHTML, like Gecko) Chrome/54.0.2840.98 Safari/537.36" 2
0:0:0:0:0:0:0:1 - - [23/nov./2016:11:15:33 +0000] "GET //localhost:8092/my-security/login.html HTTP/1.1" 302 0 "-" "Mozilla/5.0 (Macintosh; Intel Mac OS X 10_11_5) AppleWebKit/537.36 (KHTML, like Gecko) Chrome/54.0.2840.98 Safari/537.36" 2
0:0:0:0:0:0:0:1 - - [23/nov./2016:11:15:33 +0000] "GET //localhost:8092/my-security/login.html HTTP/1.1" 302 0 "-" "Mozilla/5.0 (Macintosh; Intel Mac OS X 10_11_5) AppleWebKit/537.36 (KHTML, like Gecko) Chrome/54.0.2840.98 Safari/537.36" 2
0:0:0:0:0:0:0:1 - - [23/nov./2016:11:15:34 +0000] "GET //localhost:8092/my-security/login.html HTTP/1.1" 302 0 "-" "Mozilla/5.0 (Macintosh; Intel Mac OS X 10_11_5) AppleWebKit/537.36 (KHTML, like Gecko) Chrome/54.0.2840.98 Safari/537.36" 2
0:0:0:0:0:0:0:1 - - [23/nov./2016:11:15:34 +0000] "GET //localhost:8092/my-security/login.html HTTP/1.1" 302 0 "-" "Mozilla/5.0 (Macintosh; Intel Mac OS X 10_11_5) AppleWebKit/537.36 (KHTML, like Gecko) Chrome/54.0.2840.98 Safari/537.36" 3
0:0:0:0:0:0:0:1 - - [23/nov./2016:11:15:34 +0000] "GET //localhost:8092/my-security/login.html HTTP/1.1" 302 0 "-" "Mozilla/5.0 (Macintosh; Intel Mac OS X 10_11_5) AppleWebKit/537.36 (KHTML, like Gecko) Chrome/54.0.2840.98 Safari/537.36" 2
0:0:0:0:0:0:0:1 - - [23/nov./2016:11:15:34 +0000] "GET //localhost:8092/my-security/login.html HTTP/1.1" 302 0 "-" "Mozilla/5.0 (Macintosh; Intel Mac OS X 10_11_5) AppleWebKit/537.36 (KHTML, like Gecko) Chrome/54.0.2840.98 Safari/537.36" 2
0:0:0:0:0:0:0:1 - - [23/nov./2016:11:15:34 +0000] "GET //localhost:8092/my-security/login.html HTTP/1.1" 302 0 "-" "Mozilla/5.0 (Macintosh; Intel Mac OS X 10_11_5) AppleWebKit/537.36 (KHTML, like Gecko) Chrome/54.0.2840.98 Safari/537.36" 2
0:0:0:0:0:0:0:1 - - [23/nov./2016:11:15:34 +0000] "GET //localhost:8092/my-security/login.html HTTP/1.1" 302 0 "-" "Mozilla/5.0 (Macintosh; Intel Mac OS X 10_11_5) AppleWebKit/537.36 (KHTML, like Gecko) Chrome/54.0.2840.98 Safari/537.36" 2
0:0:0:0:0:0:0:1 - - [23/nov./2016:11:15:34 +0000] "GET //localhost:8092/my-security/login.html HTTP/1.1" 302 0 "-" "Mozilla/5.0 (Macintosh; Intel Mac OS X 10_11_5) AppleWebKit/537.36 (KHTML, like Gecko) Chrome/54.0.2840.98 Safari/537.36" 3
0:0:0:0:0:0:0:1 - - [23/nov./2016:11:15:34 +0000] "GET //localhost:8092/my-security/login.html HTTP/1.1" 302 0 "-" "Mozilla/5.0 (Macintosh; Intel Mac OS X 10_11_5) AppleWebKit/537.36 (KHTML, like Gecko) Chrome/54.0.2840.98 Safari/537.36" 4
0:0:0:0:0:0:0:1 - - [23/nov./2016:11:15:34 +0000] "GET //localhost:8092/my-security/login.html HTTP/1.1" 302 0 "-" "Mozilla/5.0 (Macintosh; Intel Mac OS X 10_11_5) AppleWebKit/537.36 (KHTML, like Gecko) Chrome/54.0.2840.98 Safari/537.36" 3
0:0:0:0:0:0:0:1 - - [23/nov./2016:11:15:34 +0000] "GET //localhost:8092/my-security/login.html HTTP/1.1" 302 0 "-" "Mozilla/5.0 (Macintosh; Intel Mac OS X 10_11_5) AppleWebKit/537.36 (KHTML, like Gecko) Chrome/54.0.2840.98 Safari/537.36" 4
0:0:0:0:0:0:0:1 - - [23/nov./2016:11:15:34 +0000] "GET //localhost:8092/my-security/login.html HTTP/1.1" 302 0 "-" "Mozilla/5.0 (Macintosh; Intel Mac OS X 10_11_5) AppleWebKit/537.36 (KHTML, like Gecko) Chrome/54.0.2840.98 Safari/537.36" 3
0:0:0:0:0:0:0:1 - - [23/nov./2016:11:15:34 +0000] "GET //localhost:8092/my-security/login.html HTTP/1.1" 302 0 "-" "Mozilla/5.0 (Macintosh; Intel Mac OS X 10_11_5) AppleWebKit/537.36 (KHTML, like Gecko) Chrome/54.0.2840.98 Safari/537.36" 2
0:0:0:0:0:0:0:1 - - [23/nov./2016:11:15:34 +0000] "GET //localhost:8092/my-security/login.html HTTP/1.1" 302 0 "-" "Mozilla/5.0 (Macintosh; Intel Mac OS X 10_11_5) AppleWebKit/537.36 (KHTML, like Gecko) Chrome/54.0.2840.98 Safari/537.36" 2
0:0:0:0:0:0:0:1 - - [23/nov./2016:11:15:34 +0000] "GET //localhost:8092/my-security/login.html HTTP/1.1" 302 0 "-" "Mozilla/5.0 (Macintosh; Intel Mac OS X 10_11_5) AppleWebKit/537.36 (KHTML, like Gecko) Chrome/54.0.2840.98 Safari/537.36" 4
0:0:0:0:0:0:0:1 - - [23/nov./2016:11:15:34 +0000] "GET //localhost:8092/my-security/login.html HTTP/1.1" 302 0 "-" "Mozilla/5.0 (Macintosh; Intel Mac OS X 10_11_5) AppleWebKit/537.36 (KHTML, like Gecko) Chrome/54.0.2840.98 Safari/537.36" 2
0:0:0:0:0:0:0:1 - - [23/nov./2016:11:15:34 +0000] "GET //localhost:8092/my-security/login.html HTTP/1.1" 302 0 "-" "Mozilla/5.0 (Macintosh; Intel Mac OS X 10_11_5) AppleWebKit/537.36 (KHTML, like Gecko) Chrome/54.0.2840.98 Safari/537.36" 3
0:0:0:0:0:0:0:1 - - [23/nov./2016:11:15:34 +0000] "GET //localhost:8092/my-security/login.html HTTP/1.1" 302 0 "-" "Mozilla/5.0 (Macintosh; Intel Mac OS X 10_11_5) AppleWebKit/537.36 (KHTML, like Gecko) Chrome/54.0.2840.98 Safari/537.36" 2
0:0:0:0:0:0:0:1 - - [23/nov./2016:11:15:34 +0000] "GET //localhost:8092/my-security/login.html HTTP/1.1" 302 0 "-" "Mozilla/5.0 (Macintosh; Intel Mac OS X 10_11_5) AppleWebKit/537.36 (KHTML, like Gecko) Chrome/54.0.2840.98 Safari/537.36" 2
0:0:0:0:0:0:0:1 - - [23/nov./2016:11:15:34 +0000] "GET //localhost:8092/my-security/login.html HTTP/1.1" 302 0 "-" "Mozilla/5.0 (Macintosh; Intel Mac OS X 10_11_5) AppleWebKit/537.36 (KHTML, like Gecko) Chrome/54.0.2840.98 Safari/537.36" 2
0:0:0:0:0:0:0:1 - - [23/nov./2016:11:15:34 +0000] "GET //localhost:8092/my-security/login.html HTTP/1.1" 302 0 "-" "Mozilla/5.0 (Macintosh; Intel Mac OS X 10_11_5) AppleWebKit/537.36 (KHTML, like Gecko) Chrome/54.0.2840.98 Safari/537.36" 3
0:0:0:0:0:0:0:1 - - [23/nov./2016:11:15:34 +0000] "GET //localhost:8092/my-security/login.html HTTP/1.1" 302 0 "-" "Mozilla/5.0 (Macintosh; Intel Mac OS X 10_11_5) AppleWebKit/537.36 (KHTML, like Gecko) Chrome/54.0.2840.98 Safari/537.36" 2
0:0:0:0:0:0:0:1 - - [23/nov./2016:11:15:34 +0000] "GET //localhost:8092/my-security/login.html HTTP/1.1" 302 0 "-" "Mozilla/5.0 (Macintosh; Intel Mac OS X 10_11_5) AppleWebKit/537.36 (KHTML, like Gecko) Chrome/54.0.2840.98 Safari/537.36" 2
0:0:0:0:0:0:0:1 - - [23/nov./2016:11:15:34 +0000] "GET //localhost:8092/my-security/login.html HTTP/1.1" 302 0 "-" "Mozilla/5.0 (Macintosh; Intel Mac OS X 10_11_5) AppleWebKit/537.36 (KHTML, like Gecko) Chrome/54.0.2840.98 Safari/537.36" 2
0:0:0:0:0:0:0:1 - - [23/nov./2016:11:15:34 +0000] "GET //localhost:8092/my-security/login.html HTTP/1.1" 302 0 "-" "Mozilla/5.0 (Macintosh; Intel Mac OS X 10_11_5) AppleWebKit/537.36 (KHTML, like Gecko) Chrome/54.0.2840.98 Safari/537.36" 4
0:0:0:0:0:0:0:1 - - [23/nov./2016:11:15:34 +0000] "GET //localhost:8092/my-security/login.html HTTP/1.1" 302 0 "-" "Mozilla/5.0 (Macintosh; Intel Mac OS X 10_11_5) AppleWebKit/537.36 (KHTML, like Gecko) Chrome/54.0.2840.98 Safari/537.36" 3
0:0:0:0:0:0:0:1 - - [23/nov./2016:11:15:34 +0000] "GET //localhost:8092/my-security/login.html HTTP/1.1" 302 0 "-" "Mozilla/5.0 (Macintosh; Intel Mac OS X 10_11_5) AppleWebKit/537.36 (KHTML, like Gecko) Chrome/54.0.2840.98 Safari/537.36" 3
0:0:0:0:0:0:0:1 - - [23/nov./2016:11:15:34 +0000] "GET //localhost:8092/my-security/login.html HTTP/1.1" 302 0 "-" "Mozilla/5.0 (Macintosh; Intel Mac OS X 10_11_5) AppleWebKit/537.36 (KHTML, like Gecko) Chrome/54.0.2840.98 Safari/537.36" 4
0:0:0:0:0:0:0:1 - - [23/nov./2016:11:15:34 +0000] "GET //localhost:8092/my-security/login.html HTTP/1.1" 302 0 "-" "Mozilla/5.0 (Macintosh; Intel Mac OS X 10_11_5) AppleWebKit/537.36 (KHTML, like Gecko) Chrome/54.0.2840.98 Safari/537.36" 2
0:0:0:0:0:0:0:1 - - [23/nov./2016:11:15:39 +0000] "GET //localhost:8092/my-security/login.html HTTP/1.1" 302 0 "-" "Mozilla/5.0 (Macintosh; Intel Mac OS X 10_11_5) AppleWebKit/537.36 (KHTML, like Gecko) Chrome/54.0.2840.98 Safari/537.36" 2
0:0:0:0:0:0:0:1 - - [23/nov./2016:11:15:39 +0000] "GET //localhost:8092/my-security/login.html HTTP/1.1" 302 0 "-" "Mozilla/5.0 (Macintosh; Intel Mac OS X 10_11_5) AppleWebKit/537.36 (KHTML, like Gecko) Chrome/54.0.2840.98 Safari/537.36" 2
0:0:0:0:0:0:0:1 - - [23/nov./2016:11:15:39 +0000] "GET //localhost:8092/my-security/login.html HTTP/1.1" 302 0 "-" "Mozilla/5.0 (Macintosh; Intel Mac OS X 10_11_5) AppleWebKit/537.36 (KHTML, like Gecko) Chrome/54.0.2840.98 Safari/537.36" 2
0:0:0:0:0:0:0:1 - - [23/nov./2016:11:15:39 +0000] "GET //localhost:8092/my-security/login.html HTTP/1.1" 302 0 "-" "Mozilla/5.0 (Macintosh; Intel Mac OS X 10_11_5) AppleWebKit/537.36 (KHTML, like Gecko) Chrome/54.0.2840.98 Safari/537.36" 2
0:0:0:0:0:0:0:1 - - [23/nov./2016:11:15:39 +0000] "GET //localhost:8092/my-security/login.html HTTP/1.1" 302 0 "-" "Mozilla/5.0 (Macintosh; Intel Mac OS X 10_11_5) AppleWebKit/537.36 (KHTML, like Gecko) Chrome/54.0.2840.98 Safari/537.36" 2
0:0:0:0:0:0:0:1 - - [23/nov./2016:11:15:39 +0000] "GET //localhost:8092/my-security/login.html HTTP/1.1" 302 0 "-" "Mozilla/5.0 (Macintosh; Intel Mac OS X 10_11_5) AppleWebKit/537.36 (KHTML, like Gecko) Chrome/54.0.2840.98 Safari/537.36" 1
0:0:0:0:0:0:0:1 - - [23/nov./2016:11:15:39 +0000] "GET //localhost:8092/my-security/login.html HTTP/1.1" 302 0 "-" "Mozilla/5.0 (Macintosh; Intel Mac OS X 10_11_5) AppleWebKit/537.36 (KHTML, like Gecko) Chrome/54.0.2840.98 Safari/537.36" 1
0:0:0:0:0:0:0:1 - - [23/nov./2016:11:15:39 +0000] "GET //localhost:8092/my-security/login.html HTTP/1.1" 302 0 "-" "Mozilla/5.0 (Macintosh; Intel Mac OS X 10_11_5) AppleWebKit/537.36 (KHTML, like Gecko) Chrome/54.0.2840.98 Safari/537.36" 2
0:0:0:0:0:0:0:1 - - [23/nov./2016:11:15:39 +0000] "GET //localhost:8092/my-security/login.html HTTP/1.1" 302 0 "-" "Mozilla/5.0 (Macintosh; Intel Mac OS X 10_11_5) AppleWebKit/537.36 (KHTML, like Gecko) Chrome/54.0.2840.98 Safari/537.36" 2
0:0:0:0:0:0:0:1 - - [23/nov./2016:11:15:39 +0000] "GET //localhost:8092/my-security/login.html HTTP/1.1" 302 0 "-" "Mozilla/5.0 (Macintosh; Intel Mac OS X 10_11_5) AppleWebKit/537.36 (KHTML, like Gecko) Chrome/54.0.2840.98 Safari/537.36" 2
0:0:0:0:0:0:0:1 - - [23/nov./2016:11:15:39 +0000] "GET //localhost:8092/my-security/login.html HTTP/1.1" 302 0 "-" "Mozilla/5.0 (Macintosh; Intel Mac OS X 10_11_5) AppleWebKit/537.36 (KHTML, like Gecko) Chrome/54.0.2840.98 Safari/537.36" 2
0:0:0:0:0:0:0:1 - - [23/nov./2016:11:15:39 +0000] "GET //localhost:8092/my-security/login.html HTTP/1.1" 302 0 "-" "Mozilla/5.0 (Macintosh; Intel Mac OS X 10_11_5) AppleWebKit/537.36 (KHTML, like Gecko) Chrome/54.0.2840.98 Safari/537.36" 5
0:0:0:0:0:0:0:1 - - [23/nov./2016:11:15:39 +0000] "GET //localhost:8092/my-security/login.html HTTP/1.1" 302 0 "-" "Mozilla/5.0 (Macintosh; Intel Mac OS X 10_11_5) AppleWebKit/537.36 (KHTML, like Gecko) Chrome/54.0.2840.98 Safari/537.36" 3
0:0:0:0:0:0:0:1 - - [23/nov./2016:11:15:39 +0000] "GET //localhost:8092/my-security/login.html HTTP/1.1" 302 0 "-" "Mozilla/5.0 (Macintosh; Intel Mac OS X 10_11_5) AppleWebKit/537.36 (KHTML, like Gecko) Chrome/54.0.2840.98 Safari/537.36" 1
0:0:0:0:0:0:0:1 - - [23/nov./2016:11:15:39 +0000] "GET //localhost:8092/my-security/login.html HTTP/1.1" 302 0 "-" "Mozilla/5.0 (Macintosh; Intel Mac OS X 10_11_5) AppleWebKit/537.36 (KHTML, like Gecko) Chrome/54.0.2840.98 Safari/537.36" 3
0:0:0:0:0:0:0:1 - - [23/nov./2016:11:15:39 +0000] "GET //localhost:8092/my-security/login.html HTTP/1.1" 302 0 "-" "Mozilla/5.0 (Macintosh; Intel Mac OS X 10_11_5) AppleWebKit/537.36 (KHTML, like Gecko) Chrome/54.0.2840.98 Safari/537.36" 3
0:0:0:0:0:0:0:1 - - [23/nov./2016:11:15:39 +0000] "GET //localhost:8092/my-security/login.html HTTP/1.1" 302 0 "-" "Mozilla/5.0 (Macintosh; Intel Mac OS X 10_11_5) AppleWebKit/537.36 (KHTML, like Gecko) Chrome/54.0.2840.98 Safari/537.36" 3
0:0:0:0:0:0:0:1 - - [23/nov./2016:11:15:39 +0000] "GET //localhost:8092/my-security/login.html HTTP/1.1" 302 0 "-" "Mozilla/5.0 (Macintosh; Intel Mac OS X 10_11_5) AppleWebKit/537.36 (KHTML, like Gecko) Chrome/54.0.2840.98 Safari/537.36" 2
0:0:0:0:0:0:0:1 - - [23/nov./2016:11:15:39 +0000] "GET //localhost:8092/my-security/login.html HTTP/1.1" 302 0 "-" "Mozilla/5.0 (Macintosh; Intel Mac OS X 10_11_5) AppleWebKit/537.36 (KHTML, like Gecko) Chrome/54.0.2840.98 Safari/537.36" 3
0:0:0:0:0:0:0:1 - - [23/nov./2016:11:15:39 +0000] "GET //localhost:8092/my-security/login.html HTTP/1.1" 302 0 "-" "Mozilla/5.0 (Macintosh; Intel Mac OS X 10_11_5) AppleWebKit/537.36 (KHTML, like Gecko) Chrome/54.0.2840.98 Safari/537.36" 1
0:0:0:0:0:0:0:1 - - [23/nov./2016:11:15:39 +0000] "GET //localhost:8092/my-security/login.html HTTP/1.1" 302 0 "-" "Mozilla/5.0 (Macintosh; Intel Mac OS X 10_11_5) AppleWebKit/537.36 (KHTML, like Gecko) Chrome/54.0.2840.98 Safari/537.36" 2
0:0:0:0:0:0:0:1 - - [23/nov./2016:11:16:06 +0000] "GET //localhost:8092/my-security/login.html HTTP/1.1" 302 0 "-" "Mozilla/5.0 (Macintosh; Intel Mac OS X 10_11_5) AppleWebKit/537.36 (KHTML, like Gecko) Chrome/54.0.2840.98 Safari/537.36" 42
0:0:0:0:0:0:0:1 - - [23/nov./2016:11:16:06 +0000] "GET //localhost:8092/my-security/login.html HTTP/1.1" 302 0 "-" "Mozilla/5.0 (Macintosh; Intel Mac OS X 10_11_5) AppleWebKit/537.36 (KHTML, like Gecko) Chrome/54.0.2840.98 Safari/537.36" 5
0:0:0:0:0:0:0:1 - - [23/nov./2016:11:16:06 +0000] "GET //localhost:8092/my-security/login.html HTTP/1.1" 302 0 "-" "Mozilla/5.0 (Macintosh; Intel Mac OS X 10_11_5) AppleWebKit/537.36 (KHTML, like Gecko) Chrome/54.0.2840.98 Safari/537.36" 4
0:0:0:0:0:0:0:1 - - [23/nov./2016:11:16:06 +0000] "GET //localhost:8092/my-security/login.html HTTP/1.1" 302 0 "-" "Mozilla/5.0 (Macintosh; Intel Mac OS X 10_11_5) AppleWebKit/537.36 (KHTML, like Gecko) Chrome/54.0.2840.98 Safari/537.36" 3
0:0:0:0:0:0:0:1 - - [23/nov./2016:11:16:06 +0000] "GET //localhost:8092/my-security/login.html HTTP/1.1" 302 0 "-" "Mozilla/5.0 (Macintosh; Intel Mac OS X 10_11_5) AppleWebKit/537.36 (KHTML, like Gecko) Chrome/54.0.2840.98 Safari/537.36" 2
0:0:0:0:0:0:0:1 - - [23/nov./2016:11:16:06 +0000] "GET //localhost:8092/my-security/login.html HTTP/1.1" 302 0 "-" "Mozilla/5.0 (Macintosh; Intel Mac OS X 10_11_5) AppleWebKit/537.36 (KHTML, like Gecko) Chrome/54.0.2840.98 Safari/537.36" 2
0:0:0:0:0:0:0:1 - - [23/nov./2016:11:16:06 +0000] "GET //localhost:8092/my-security/login.html HTTP/1.1" 302 0 "-" "Mozilla/5.0 (Macintosh; Intel Mac OS X 10_11_5) AppleWebKit/537.36 (KHTML, like Gecko) Chrome/54.0.2840.98 Safari/537.36" 2
0:0:0:0:0:0:0:1 - - [23/nov./2016:11:16:06 +0000] "GET //localhost:8092/my-security/login.html HTTP/1.1" 302 0 "-" "Mozilla/5.0 (Macintosh; Intel Mac OS X 10_11_5) AppleWebKit/537.36 (KHTML, like Gecko) Chrome/54.0.2840.98 Safari/537.36" 3
0:0:0:0:0:0:0:1 - - [23/nov./2016:11:16:06 +0000] "GET //localhost:8092/my-security/login.html HTTP/1.1" 302 0 "-" "Mozilla/5.0 (Macintosh; Intel Mac OS X 10_11_5) AppleWebKit/537.36 (KHTML, like Gecko) Chrome/54.0.2840.98 Safari/537.36" 3
0:0:0:0:0:0:0:1 - - [23/nov./2016:11:16:06 +0000] "GET //localhost:8092/my-security/login.html HTTP/1.1" 302 0 "-" "Mozilla/5.0 (Macintosh; Intel Mac OS X 10_11_5) AppleWebKit/537.36 (KHTML, like Gecko) Chrome/54.0.2840.98 Safari/537.36" 2
0:0:0:0:0:0:0:1 - - [23/nov./2016:11:16:06 +0000] "GET //localhost:8092/my-security/login.html HTTP/1.1" 302 0 "-" "Mozilla/5.0 (Macintosh; Intel Mac OS X 10_11_5) AppleWebKit/537.36 (KHTML, like Gecko) Chrome/54.0.2840.98 Safari/537.36" 2
0:0:0:0:0:0:0:1 - - [23/nov./2016:11:16:06 +0000] "GET //localhost:8092/my-security/login.html HTTP/1.1" 302 0 "-" "Mozilla/5.0 (Macintosh; Intel Mac OS X 10_11_5) AppleWebKit/537.36 (KHTML, like Gecko) Chrome/54.0.2840.98 Safari/537.36" 2
0:0:0:0:0:0:0:1 - - [23/nov./2016:11:16:06 +0000] "GET //localhost:8092/my-security/login.html HTTP/1.1" 302 0 "-" "Mozilla/5.0 (Macintosh; Intel Mac OS X 10_11_5) AppleWebKit/537.36 (KHTML, like Gecko) Chrome/54.0.2840.98 Safari/537.36" 2
0:0:0:0:0:0:0:1 - - [23/nov./2016:11:16:06 +0000] "GET //localhost:8092/my-security/login.html HTTP/1.1" 302 0 "-" "Mozilla/5.0 (Macintosh; Intel Mac OS X 10_11_5) AppleWebKit/537.36 (KHTML, like Gecko) Chrome/54.0.2840.98 Safari/537.36" 2
0:0:0:0:0:0:0:1 - - [23/nov./2016:11:16:06 +0000] "GET //localhost:8092/my-security/login.html HTTP/1.1" 302 0 "-" "Mozilla/5.0 (Macintosh; Intel Mac OS X 10_11_5) AppleWebKit/537.36 (KHTML, like Gecko) Chrome/54.0.2840.98 Safari/537.36" 2
0:0:0:0:0:0:0:1 - - [23/nov./2016:11:16:06 +0000] "GET //localhost:8092/my-security/login.html HTTP/1.1" 302 0 "-" "Mozilla/5.0 (Macintosh; Intel Mac OS X 10_11_5) AppleWebKit/537.36 (KHTML, like Gecko) Chrome/54.0.2840.98 Safari/537.36" 3
0:0:0:0:0:0:0:1 - - [23/nov./2016:11:16:06 +0000] "GET //localhost:8092/my-security/login.html HTTP/1.1" 302 0 "-" "Mozilla/5.0 (Macintosh; Intel Mac OS X 10_11_5) AppleWebKit/537.36 (KHTML, like Gecko) Chrome/54.0.2840.98 Safari/537.36" 2
0:0:0:0:0:0:0:1 - - [23/nov./2016:11:16:06 +0000] "GET //localhost:8092/my-security/login.html HTTP/1.1" 302 0 "-" "Mozilla/5.0 (Macintosh; Intel Mac OS X 10_11_5) AppleWebKit/537.36 (KHTML, like Gecko) Chrome/54.0.2840.98 Safari/537.36" 2
0:0:0:0:0:0:0:1 - - [23/nov./2016:11:16:06 +0000] "GET //localhost:8092/my-security/login.html HTTP/1.1" 302 0 "-" "Mozilla/5.0 (Macintosh; Intel Mac OS X 10_11_5) AppleWebKit/537.36 (KHTML, like Gecko) Chrome/54.0.2840.98 Safari/537.36" 2
0:0:0:0:0:0:0:1 - - [23/nov./2016:11:16:06 +0000] "GET //localhost:8092/my-security/login.html HTTP/1.1" 302 0 "-" "Mozilla/5.0 (Macintosh; Intel Mac OS X 10_11_5) AppleWebKit/537.36 (KHTML, like Gecko) Chrome/54.0.2840.98 Safari/537.36" 2
0:0:0:0:0:0:0:1 - - [23/nov./2016:11:16:06 +0000] "GET //localhost:8092/my-security/login.html HTTP/1.1" 302 0 "-" "Mozilla/5.0 (Macintosh; Intel Mac OS X 10_11_5) AppleWebKit/537.36 (KHTML, like Gecko) Chrome/54.0.2840.98 Safari/537.36" 2
0:0:0:0:0:0:0:1 - - [23/nov./2016:11:16:07 +0000] "GET //localhost:8092/my-security/login.html HTTP/1.1" 302 0 "-" "Mozilla/5.0 (Macintosh; Intel Mac OS X 10_11_5) AppleWebKit/537.36 (KHTML, like Gecko) Chrome/54.0.2840.98 Safari/537.36" 3
0:0:0:0:0:0:0:1 - - [23/nov./2016:11:16:07 +0000] "GET //localhost:8092/my-security/login.html HTTP/1.1" 302 0 "-" "Mozilla/5.0 (Macintosh; Intel Mac OS X 10_11_5) AppleWebKit/537.36 (KHTML, like Gecko) Chrome/54.0.2840.98 Safari/537.36" 3
0:0:0:0:0:0:0:1 - - [23/nov./2016:11:16:07 +0000] "GET //localhost:8092/my-security/login.html HTTP/1.1" 302 0 "-" "Mozilla/5.0 (Macintosh; Intel Mac OS X 10_11_5) AppleWebKit/537.36 (KHTML, like Gecko) Chrome/54.0.2840.98 Safari/537.36" 2
0:0:0:0:0:0:0:1 - - [23/nov./2016:11:16:07 +0000] "GET //localhost:8092/my-security/login.html HTTP/1.1" 302 0 "-" "Mozilla/5.0 (Macintosh; Intel Mac OS X 10_11_5) AppleWebKit/537.36 (KHTML, like Gecko) Chrome/54.0.2840.98 Safari/537.36" 2
0:0:0:0:0:0:0:1 - - [23/nov./2016:11:16:07 +0000] "GET //localhost:8092/my-security/login.html HTTP/1.1" 302 0 "-" "Mozilla/5.0 (Macintosh; Intel Mac OS X 10_11_5) AppleWebKit/537.36 (KHTML, like Gecko) Chrome/54.0.2840.98 Safari/537.36" 3
0:0:0:0:0:0:0:1 - - [23/nov./2016:11:16:07 +0000] "GET //localhost:8092/my-security/login.html HTTP/1.1" 302 0 "-" "Mozilla/5.0 (Macintosh; Intel Mac OS X 10_11_5) AppleWebKit/537.36 (KHTML, like Gecko) Chrome/54.0.2840.98 Safari/537.36" 2
0:0:0:0:0:0:0:1 - - [23/nov./2016:11:16:07 +0000] "GET //localhost:8092/my-security/login.html HTTP/1.1" 302 0 "-" "Mozilla/5.0 (Macintosh; Intel Mac OS X 10_11_5) AppleWebKit/537.36 (KHTML, like Gecko) Chrome/54.0.2840.98 Safari/537.36" 2
0:0:0:0:0:0:0:1 - - [23/nov./2016:11:16:07 +0000] "GET //localhost:8092/my-security/login.html HTTP/1.1" 302 0 "-" "Mozilla/5.0 (Macintosh; Intel Mac OS X 10_11_5) AppleWebKit/537.36 (KHTML, like Gecko) Chrome/54.0.2840.98 Safari/537.36" 3
0:0:0:0:0:0:0:1 - - [23/nov./2016:11:16:07 +0000] "GET //localhost:8092/my-security/login.html HTTP/1.1" 302 0 "-" "Mozilla/5.0 (Macintosh; Intel Mac OS X 10_11_5) AppleWebKit/537.36 (KHTML, like Gecko) Chrome/54.0.2840.98 Safari/537.36" 3
0:0:0:0:0:0:0:1 - - [23/nov./2016:11:16:07 +0000] "GET //localhost:8092/my-security/login.html HTTP/1.1" 302 0 "-" "Mozilla/5.0 (Macintosh; Intel Mac OS X 10_11_5) AppleWebKit/537.36 (KHTML, like Gecko) Chrome/54.0.2840.98 Safari/537.36" 2
0:0:0:0:0:0:0:1 - - [23/nov./2016:11:16:07 +0000] "GET //localhost:8092/my-security/login.html HTTP/1.1" 302 0 "-" "Mozilla/5.0 (Macintosh; Intel Mac OS X 10_11_5) AppleWebKit/537.36 (KHTML, like Gecko) Chrome/54.0.2840.98 Safari/537.36" 2
0:0:0:0:0:0:0:1 - - [23/nov./2016:11:16:07 +0000] "GET //localhost:8092/my-security/login.html HTTP/1.1" 302 0 "-" "Mozilla/5.0 (Macintosh; Intel Mac OS X 10_11_5) AppleWebKit/537.36 (KHTML, like Gecko) Chrome/54.0.2840.98 Safari/537.36" 2
0:0:0:0:0:0:0:1 - - [23/nov./2016:11:16:07 +0000] "GET //localhost:8092/my-security/login.html HTTP/1.1" 302 0 "-" "Mozilla/5.0 (Macintosh; Intel Mac OS X 10_11_5) AppleWebKit/537.36 (KHTML, like Gecko) Chrome/54.0.2840.98 Safari/537.36" 2
0:0:0:0:0:0:0:1 - - [23/nov./2016:11:16:07 +0000] "GET //localhost:8092/my-security/login.html HTTP/1.1" 302 0 "-" "Mozilla/5.0 (Macintosh; Intel Mac OS X 10_11_5) AppleWebKit/537.36 (KHTML, like Gecko) Chrome/54.0.2840.98 Safari/537.36" 2
0:0:0:0:0:0:0:1 - - [23/nov./2016:11:16:07 +0000] "GET //localhost:8092/my-security/login.html HTTP/1.1" 302 0 "-" "Mozilla/5.0 (Macintosh; Intel Mac OS X 10_11_5) AppleWebKit/537.36 (KHTML, like Gecko) Chrome/54.0.2840.98 Safari/537.36" 3
0:0:0:0:0:0:0:1 - - [23/nov./2016:11:16:07 +0000] "GET //localhost:8092/my-security/login.html HTTP/1.1" 302 0 "-" "Mozilla/5.0 (Macintosh; Intel Mac OS X 10_11_5) AppleWebKit/537.36 (KHTML, like Gecko) Chrome/54.0.2840.98 Safari/537.36" 2
0:0:0:0:0:0:0:1 - - [23/nov./2016:11:16:07 +0000] "GET //localhost:8092/my-security/login.html HTTP/1.1" 302 0 "-" "Mozilla/5.0 (Macintosh; Intel Mac OS X 10_11_5) AppleWebKit/537.36 (KHTML, like Gecko) Chrome/54.0.2840.98 Safari/537.36" 2
0:0:0:0:0:0:0:1 - - [23/nov./2016:11:16:07 +0000] "GET //localhost:8092/my-security/login.html HTTP/1.1" 302 0 "-" "Mozilla/5.0 (Macintosh; Intel Mac OS X 10_11_5) AppleWebKit/537.36 (KHTML, like Gecko) Chrome/54.0.2840.98 Safari/537.36" 3
0:0:0:0:0:0:0:1 - - [23/nov./2016:11:16:07 +0000] "GET //localhost:8092/my-security/login.html HTTP/1.1" 302 0 "-" "Mozilla/5.0 (Macintosh; Intel Mac OS X 10_11_5) AppleWebKit/537.36 (KHTML, like Gecko) Chrome/54.0.2840.98 Safari/537.36" 3
0:0:0:0:0:0:0:1 - - [23/nov./2016:11:16:07 +0000] "GET //localhost:8092/my-security/login.html HTTP/1.1" 302 0 "-" "Mozilla/5.0 (Macintosh; Intel Mac OS X 10_11_5) AppleWebKit/537.36 (KHTML, like Gecko) Chrome/54.0.2840.98 Safari/537.36" 2
0:0:0:0:0:0:0:1 - - [23/nov./2016:11:16:07 +0000] "GET //localhost:8092/my-security/login.html HTTP/1.1" 302 0 "-" "Mozilla/5.0 (Macintosh; Intel Mac OS X 10_11_5) AppleWebKit/537.36 (KHTML, like Gecko) Chrome/54.0.2840.98 Safari/537.36" 2
0:0:0:0:0:0:0:1 - - [23/nov./2016:11:16:35 +0000] "GET //localhost:8092/my-security HTTP/1.1" 302 0 "-" "Mozilla/5.0 (Macintosh; Intel Mac OS X 10_11_5) AppleWebKit/537.36 (KHTML, like Gecko) Chrome/54.0.2840.98 Safari/537.36" 5
0:0:0:0:0:0:0:1 - - [23/nov./2016:11:16:35 +0000] "GET //localhost:8092/my-security/ HTTP/1.1" 302 0 "-" "Mozilla/5.0 (Macintosh; Intel Mac OS X 10_11_5) AppleWebKit/537.36 (KHTML, like Gecko) Chrome/54.0.2840.98 Safari/537.36" 38
0:0:0:0:0:0:0:1 - - [23/nov./2016:11:16:35 +0000] "GET //localhost:8092/my-security/login.html HTTP/1.1" 404 0 "-" "Mozilla/5.0 (Macintosh; Intel Mac OS X 10_11_5) AppleWebKit/537.36 (KHTML, like Gecko) Chrome/54.0.2840.98 Safari/537.36" 17
0:0:0:0:0:0:0:1 - - [23/nov./2016:11:16:41 +0000] "GET //localhost:8092/my-security/login.html HTTP/1.1" 404 0 "-" "Mozilla/5.0 (Macintosh; Intel Mac OS X 10_11_5) AppleWebKit/537.36 (KHTML, like Gecko) Chrome/54.0.2840.98 Safari/537.36" 5
0:0:0:0:0:0:0:1 - - [23/nov./2016:11:19:03 +0000] "GET //localhost:8092/my-security HTTP/1.1" 302 0 "-" "Mozilla/5.0 (Macintosh; Intel Mac OS X 10_11_5) AppleWebKit/537.36 (KHTML, like Gecko) Chrome/54.0.2840.98 Safari/537.36" 5
0:0:0:0:0:0:0:1 - - [23/nov./2016:11:19:03 +0000] "GET //localhost:8092/my-security/ HTTP/1.1" 302 0 "-" "Mozilla/5.0 (Macintosh; Intel Mac OS X 10_11_5) AppleWebKit/537.36 (KHTML, like Gecko) Chrome/54.0.2840.98 Safari/537.36" 31
0:0:0:0:0:0:0:1 - - [23/nov./2016:11:19:03 +0000] "GET //localhost:8092/my-security/login HTTP/1.1" 500 0 "-" "Mozilla/5.0 (Macintosh; Intel Mac OS X 10_11_5) AppleWebKit/537.36 (KHTML, like Gecko) Chrome/54.0.2840.98 Safari/537.36" 11
0:0:0:0:0:0:0:1 - - [23/nov./2016:11:19:29 +0000] "GET //localhost:8092/my-security/login HTTP/1.1" 500 0 "-" "Mozilla/5.0 (Macintosh; Intel Mac OS X 10_11_5) AppleWebKit/537.36 (KHTML, like Gecko) Chrome/54.0.2840.98 Safari/537.36" 54
0:0:0:0:0:0:0:1 - - [23/nov./2016:11:19:30 +0000] "GET //localhost:8092/my-security/login HTTP/1.1" 500 0 "-" "Mozilla/5.0 (Macintosh; Intel Mac OS X 10_11_5) AppleWebKit/537.36 (KHTML, like Gecko) Chrome/54.0.2840.98 Safari/537.36" 4
0:0:0:0:0:0:0:1 - - [23/nov./2016:11:28:26 +0000] "GET //localhost:8092/my-security/login HTTP/1.1" 404 0 "-" "Mozilla/5.0 (Macintosh; Intel Mac OS X 10_11_5) AppleWebKit/537.36 (KHTML, like Gecko) Chrome/54.0.2840.98 Safari/537.36" 33
0:0:0:0:0:0:0:1 - - [23/nov./2016:11:33:25 +0000] "GET //localhost:8092/my-security/login HTTP/1.1" 500 0 "-" "Mozilla/5.0 (Macintosh; Intel Mac OS X 10_11_5) AppleWebKit/537.36 (KHTML, like Gecko) Chrome/54.0.2840.98 Safari/537.36" 245
0:0:0:0:0:0:0:1 - - [23/nov./2016:11:33:51 +0000] "GET //localhost:8092/my-security/login HTTP/1.1" 500 0 "-" "Mozilla/5.0 (Macintosh; Intel Mac OS X 10_11_5) AppleWebKit/537.36 (KHTML, like Gecko) Chrome/54.0.2840.98 Safari/537.36" 234
0:0:0:0:0:0:0:1 - - [23/nov./2016:11:34:53 +0000] "GET //localhost:8092/my-security/login HTTP/1.1" 200 809 "-" "Mozilla/5.0 (Macintosh; Intel Mac OS X 10_11_5) AppleWebKit/537.36 (KHTML, like Gecko) Chrome/54.0.2840.98 Safari/537.36" 341
0:0:0:0:0:0:0:1 - - [23/nov./2016:11:34:59 +0000] "POST //localhost:8092/my-security/do_login HTTP/1.1" 403 0 "http://localhost:8092/my-security/login" "Mozilla/5.0 (Macintosh; Intel Mac OS X 10_11_5) AppleWebKit/537.36 (KHTML, like Gecko) Chrome/54.0.2840.98 Safari/537.36" 9
0:0:0:0:0:0:0:1 - - [23/nov./2016:11:35:28 +0000] "POST //localhost:8092/my-security/do_login HTTP/1.1" 403 0 "http://localhost:8092/my-security/login" "Mozilla/5.0 (Macintosh; Intel Mac OS X 10_11_5) AppleWebKit/537.36 (KHTML, like Gecko) Chrome/54.0.2840.98 Safari/537.36" 28
0:0:0:0:0:0:0:1 - - [23/nov./2016:11:35:31 +0000] "GET //localhost:8092/my-security/login HTTP/1.1" 200 806 "-" "Mozilla/5.0 (Macintosh; Intel Mac OS X 10_11_5) AppleWebKit/537.36 (KHTML, like Gecko) Chrome/54.0.2840.98 Safari/537.36" 319
0:0:0:0:0:0:0:1 - - [23/nov./2016:11:35:39 +0000] "GET //localhost:8092/my-security/oauth/authorize?response_type=code&client_id=test&redirect_uri=http://localhost:8080/demo/* HTTP/1.1" 302 0 "-" "Mozilla/5.0 (Macintosh; Intel Mac OS X 10_11_5) AppleWebKit/537.36 (KHTML, like Gecko) Chrome/54.0.2840.98 Safari/537.36" 10
0:0:0:0:0:0:0:1 - - [23/nov./2016:11:35:39 +0000] "GET //localhost:8092/my-security/login HTTP/1.1" 200 806 "-" "Mozilla/5.0 (Macintosh; Intel Mac OS X 10_11_5) AppleWebKit/537.36 (KHTML, like Gecko) Chrome/54.0.2840.98 Safari/537.36" 4
0:0:0:0:0:0:0:1 - - [23/nov./2016:11:35:44 +0000] "POST //localhost:8092/my-security/oauth/check_token?token=4c745d47-17ab-40e5-ab3b-284973cd9c1a HTTP/1.1" 200 71 "-" "Mozilla/5.0 (Macintosh; Intel Mac OS X 10_11_5) AppleWebKit/537.36 (KHTML, like Gecko) Chrome/54.0.2840.98 Safari/537.36" 87
0:0:0:0:0:0:0:1 - - [23/nov./2016:11:35:44 +0000] "POST //localhost:8092/my-security/oauth/check_token?token=4c745d47-17ab-40e5-ab3b-284973cd9c1a HTTP/1.1" 200 71 "-" "Mozilla/5.0 (Macintosh; Intel Mac OS X 10_11_5) AppleWebKit/537.36 (KHTML, like Gecko) Chrome/54.0.2840.98 Safari/537.36" 14
0:0:0:0:0:0:0:1 - - [23/nov./2016:11:35:45 +0000] "POST //localhost:8092/my-security/oauth/check_token?token=4c745d47-17ab-40e5-ab3b-284973cd9c1a HTTP/1.1" 200 71 "-" "Mozilla/5.0 (Macintosh; Intel Mac OS X 10_11_5) AppleWebKit/537.36 (KHTML, like Gecko) Chrome/54.0.2840.98 Safari/537.36" 14
0:0:0:0:0:0:0:1 - - [23/nov./2016:11:35:55 +0000] "POST //localhost:8092/my-security/oauth/token?grant_type=password&client_id=test&client_secret=test&username=user&password=password HTTP/1.1" 200 178 "-" "Mozilla/5.0 (Macintosh; Intel Mac OS X 10_11_5) AppleWebKit/537.36 (KHTML, like Gecko) Chrome/54.0.2840.98 Safari/537.36" 64
0:0:0:0:0:0:0:1 - - [23/nov./2016:11:36:08 +0000] "POST //localhost:8092/my-security/login HTTP/1.1" 403 0 "http://localhost:8092/my-security/login" "Mozilla/5.0 (Macintosh; Intel Mac OS X 10_11_5) AppleWebKit/537.36 (KHTML, like Gecko) Chrome/54.0.2840.98 Safari/537.36" 2
0:0:0:0:0:0:0:1 - - [23/nov./2016:11:36:11 +0000] "GET //localhost:8092/my-security/oauth/authorize?response_type=code&client_id=test&redirect_uri=http://localhost:8080/demo/* HTTP/1.1" 302 0 "-" "Mozilla/5.0 (Macintosh; Intel Mac OS X 10_11_5) AppleWebKit/537.36 (KHTML, like Gecko) Chrome/54.0.2840.98 Safari/537.36" 5
0:0:0:0:0:0:0:1 - - [23/nov./2016:11:36:11 +0000] "GET //localhost:8092/my-security/login HTTP/1.1" 200 806 "-" "Mozilla/5.0 (Macintosh; Intel Mac OS X 10_11_5) AppleWebKit/537.36 (KHTML, like Gecko) Chrome/54.0.2840.98 Safari/537.36" 3
0:0:0:0:0:0:0:1 - - [23/nov./2016:11:36:15 +0000] "POST //localhost:8092/my-security/login HTTP/1.1" 403 0 "http://localhost:8092/my-security/login" "Mozilla/5.0 (Macintosh; Intel Mac OS X 10_11_5) AppleWebKit/537.36 (KHTML, like Gecko) Chrome/54.0.2840.98 Safari/537.36" 1
0:0:0:0:0:0:0:1 - - [23/nov./2016:11:37:06 +0000] "GET //localhost:8092/my-security/login HTTP/1.1" 200 806 "-" "Mozilla/5.0 (Macintosh; Intel Mac OS X 10_11_5) AppleWebKit/537.36 (KHTML, like Gecko) Chrome/54.0.2840.98 Safari/537.36" 4
0:0:0:0:0:0:0:1 - - [23/nov./2016:11:40:29 +0000] "POST //localhost:8092/my-security/login HTTP/1.1" 403 0 "http://localhost:8092/my-security/login" "Mozilla/5.0 (Macintosh; Intel Mac OS X 10_11_5) AppleWebKit/537.36 (KHTML, like Gecko) Chrome/54.0.2840.98 Safari/537.36" 26
0:0:0:0:0:0:0:1 - - [23/nov./2016:11:40:31 +0000] "GET //localhost:8092/my-security/ HTTP/1.1" 302 0 "-" "Mozilla/5.0 (Macintosh; Intel Mac OS X 10_11_5) AppleWebKit/537.36 (KHTML, like Gecko) Chrome/54.0.2840.98 Safari/537.36" 21
0:0:0:0:0:0:0:1 - - [23/nov./2016:11:40:31 +0000] "GET //localhost:8092/my-security/login HTTP/1.1" 200 456 "-" "Mozilla/5.0 (Macintosh; Intel Mac OS X 10_11_5) AppleWebKit/537.36 (KHTML, like Gecko) Chrome/54.0.2840.98 Safari/537.36" 324
0:0:0:0:0:0:0:1 - - [23/nov./2016:11:40:35 +0000] "POST //localhost:8092/my-security/login.html HTTP/1.1" 403 0 "http://localhost:8092/my-security/login" "Mozilla/5.0 (Macintosh; Intel Mac OS X 10_11_5) AppleWebKit/537.36 (KHTML, like Gecko) Chrome/54.0.2840.98 Safari/537.36" 1
0:0:0:0:0:0:0:1 - - [23/nov./2016:11:41:12 +0000] "POST //localhost:8092/my-security/login.html HTTP/1.1" 403 0 "http://localhost:8092/my-security/login" "Mozilla/5.0 (Macintosh; Intel Mac OS X 10_11_5) AppleWebKit/537.36 (KHTML, like Gecko) Chrome/54.0.2840.98 Safari/537.36" 5
0:0:0:0:0:0:0:1 - - [23/nov./2016:11:41:14 +0000] "GET //localhost:8092/my-security/ HTTP/1.1" 302 0 "-" "Mozilla/5.0 (Macintosh; Intel Mac OS X 10_11_5) AppleWebKit/537.36 (KHTML, like Gecko) Chrome/54.0.2840.98 Safari/537.36" 5
0:0:0:0:0:0:0:1 - - [23/nov./2016:11:41:14 +0000] "GET //localhost:8092/my-security/login HTTP/1.1" 200 456 "-" "Mozilla/5.0 (Macintosh; Intel Mac OS X 10_11_5) AppleWebKit/537.36 (KHTML, like Gecko) Chrome/54.0.2840.98 Safari/537.36" 4
0:0:0:0:0:0:0:1 - - [23/nov./2016:11:41:18 +0000] "POST //localhost:8092/my-security/login.html HTTP/1.1" 403 0 "http://localhost:8092/my-security/login" "Mozilla/5.0 (Macintosh; Intel Mac OS X 10_11_5) AppleWebKit/537.36 (KHTML, like Gecko) Chrome/54.0.2840.98 Safari/537.36" 2
0:0:0:0:0:0:0:1 - - [23/nov./2016:11:41:59 +0000] "GET //localhost:8092/my-security/login.html HTTP/1.1" 302 0 "-" "Mozilla/5.0 (Macintosh; Intel Mac OS X 10_11_5) AppleWebKit/537.36 (KHTML, like Gecko) Chrome/54.0.2840.98 Safari/537.36" 48
0:0:0:0:0:0:0:1 - - [23/nov./2016:11:41:59 +0000] "GET //localhost:8092/my-security/login HTTP/1.1" 200 451 "-" "Mozilla/5.0 (Macintosh; Intel Mac OS X 10_11_5) AppleWebKit/537.36 (KHTML, like Gecko) Chrome/54.0.2840.98 Safari/537.36" 302
0:0:0:0:0:0:0:1 - - [23/nov./2016:11:42:03 +0000] "POST //localhost:8092/my-security/login HTTP/1.1" 403 0 "http://localhost:8092/my-security/login" "Mozilla/5.0 (Macintosh; Intel Mac OS X 10_11_5) AppleWebKit/537.36 (KHTML, like Gecko) Chrome/54.0.2840.98 Safari/537.36" 5
0:0:0:0:0:0:0:1 - - [23/nov./2016:11:44:09 +0000] "GET //localhost:8092/my-security/login HTTP/1.1" 200 451 "-" "Mozilla/5.0 (Macintosh; Intel Mac OS X 10_11_5) AppleWebKit/537.36 (KHTML, like Gecko) Chrome/54.0.2840.98 Safari/537.36" 7
0:0:0:0:0:0:0:1 - - [23/nov./2016:11:44:13 +0000] "POST //localhost:8092/my-security/login HTTP/1.1" 403 0 "http://localhost:8092/my-security/login" "Mozilla/5.0 (Macintosh; Intel Mac OS X 10_11_5) AppleWebKit/537.36 (KHTML, like Gecko) Chrome/54.0.2840.98 Safari/537.36" 2
0:0:0:0:0:0:0:1 - - [23/nov./2016:11:45:55 +0000] "GET //localhost:8092/my-security HTTP/1.1" 302 0 "-" "Mozilla/5.0 (Macintosh; Intel Mac OS X 10_11_5) AppleWebKit/537.36 (KHTML, like Gecko) Chrome/54.0.2840.98 Safari/537.36" 5
0:0:0:0:0:0:0:1 - - [23/nov./2016:11:45:55 +0000] "GET //localhost:8092/my-security/ HTTP/1.1" 302 0 "-" "Mozilla/5.0 (Macintosh; Intel Mac OS X 10_11_5) AppleWebKit/537.36 (KHTML, like Gecko) Chrome/54.0.2840.98 Safari/537.36" 34
0:0:0:0:0:0:0:1 - - [23/nov./2016:11:45:55 +0000] "GET //localhost:8092/my-security/login HTTP/1.1" 200 451 "-" "Mozilla/5.0 (Macintosh; Intel Mac OS X 10_11_5) AppleWebKit/537.36 (KHTML, like Gecko) Chrome/54.0.2840.98 Safari/537.36" 312
0:0:0:0:0:0:0:1 - - [23/nov./2016:11:46:10 +0000] "GET //localhost:8092/my-security/ HTTP/1.1" 302 0 "-" "Mozilla/5.0 (Macintosh; Intel Mac OS X 10_11_5) AppleWebKit/537.36 (KHTML, like Gecko) Chrome/54.0.2840.98 Safari/537.36" 7
0:0:0:0:0:0:0:1 - - [23/nov./2016:11:46:10 +0000] "GET //localhost:8092/my-security/login HTTP/1.1" 200 451 "-" "Mozilla/5.0 (Macintosh; Intel Mac OS X 10_11_5) AppleWebKit/537.36 (KHTML, like Gecko) Chrome/54.0.2840.98 Safari/537.36" 4
0:0:0:0:0:0:0:1 - - [23/nov./2016:11:46:16 +0000] "POST //localhost:8092/my-security/login HTTP/1.1" 403 0 "http://localhost:8092/my-security/login" "Mozilla/5.0 (Macintosh; Intel Mac OS X 10_11_5) AppleWebKit/537.36 (KHTML, like Gecko) Chrome/54.0.2840.98 Safari/537.36" 3
0:0:0:0:0:0:0:1 - - [23/nov./2016:11:46:21 +0000] "GET //localhost:8092/my-security/login HTTP/1.1" 200 451 "-" "Mozilla/5.0 (Macintosh; Intel Mac OS X 10_11_5) AppleWebKit/537.36 (KHTML, like Gecko) Chrome/54.0.2840.98 Safari/537.36" 4
0:0:0:0:0:0:0:1 - - [23/nov./2016:11:46:24 +0000] "POST //localhost:8092/my-security/login HTTP/1.1" 403 0 "http://localhost:8092/my-security/login" "Mozilla/5.0 (Macintosh; Intel Mac OS X 10_11_5) AppleWebKit/537.36 (KHTML, like Gecko) Chrome/54.0.2840.98 Safari/537.36" 1
0:0:0:0:0:0:0:1 - - [23/nov./2016:11:46:59 +0000] "POST //localhost:8092/my-security/login HTTP/1.1" 403 0 "http://localhost:8092/my-security/login" "Mozilla/5.0 (Macintosh; Intel Mac OS X 10_11_5) AppleWebKit/537.36 (KHTML, like Gecko) Chrome/54.0.2840.98 Safari/537.36" 25
0:0:0:0:0:0:0:1 - - [23/nov./2016:11:47:02 +0000] "GET //localhost:8092/my-security/ HTTP/1.1" 302 0 "-" "Mozilla/5.0 (Macintosh; Intel Mac OS X 10_11_5) AppleWebKit/537.36 (KHTML, like Gecko) Chrome/54.0.2840.98 Safari/537.36" 18
0:0:0:0:0:0:0:1 - - [23/nov./2016:11:47:02 +0000] "GET //localhost:8092/my-security/login HTTP/1.1" 200 531 "-" "Mozilla/5.0 (Macintosh; Intel Mac OS X 10_11_5) AppleWebKit/537.36 (KHTML, like Gecko) Chrome/54.0.2840.98 Safari/537.36" 300
0:0:0:0:0:0:0:1 - - [23/nov./2016:11:47:05 +0000] "POST //localhost:8092/my-security/login HTTP/1.1" 403 0 "http://localhost:8092/my-security/login" "Mozilla/5.0 (Macintosh; Intel Mac OS X 10_11_5) AppleWebKit/537.36 (KHTML, like Gecko) Chrome/54.0.2840.98 Safari/537.36" 4
0:0:0:0:0:0:0:1 - - [23/nov./2016:11:48:46 +0000] "GET //localhost:8092/my-security/login HTTP/1.1" 200 536 "-" "Mozilla/5.0 (Macintosh; Intel Mac OS X 10_11_5) AppleWebKit/537.36 (KHTML, like Gecko) Chrome/54.0.2840.98 Safari/537.36" 345
0:0:0:0:0:0:0:1 - - [23/nov./2016:11:48:51 +0000] "POST //localhost:8092/my-security/login HTTP/1.1" 302 0 "http://localhost:8092/my-security/login" "Mozilla/5.0 (Macintosh; Intel Mac OS X 10_11_5) AppleWebKit/537.36 (KHTML, like Gecko) Chrome/54.0.2840.98 Safari/537.36" 8
0:0:0:0:0:0:0:1 - - [23/nov./2016:11:48:51 +0000] "GET //localhost:8092/my-security/ HTTP/1.1" 404 0 "http://localhost:8092/my-security/login" "Mozilla/5.0 (Macintosh; Intel Mac OS X 10_11_5) AppleWebKit/537.36 (KHTML, like Gecko) Chrome/54.0.2840.98 Safari/537.36" 5
0:0:0:0:0:0:0:1 - - [23/nov./2016:11:49:15 +0000] "GET //localhost:8092/my-security/ HTTP/1.1" 404 0 "http://localhost:8092/my-security/login" "Mozilla/5.0 (Macintosh; Intel Mac OS X 10_11_5) AppleWebKit/537.36 (KHTML, like Gecko) Chrome/54.0.2840.98 Safari/537.36" 5
0:0:0:0:0:0:0:1 - - [23/nov./2016:11:49:19 +0000] "GET //localhost:8092/my-security/oauth/authorize?response_type=code&client_id=test&redirect_uri=http://localhost:8080/demo/* HTTP/1.1" 302 0 "-" "Mozilla/5.0 (Macintosh; Intel Mac OS X 10_11_5) AppleWebKit/537.36 (KHTML, like Gecko) Chrome/54.0.2840.98 Safari/537.36" 57
0:0:0:0:0:0:0:1 - - [23/nov./2016:11:49:23 +0000] "GET //localhost:8092/my-security/ HTTP/1.1" 404 0 "http://localhost:8092/my-security/login" "Mozilla/5.0 (Macintosh; Intel Mac OS X 10_11_5) AppleWebKit/537.36 (KHTML, like Gecko) Chrome/54.0.2840.98 Safari/537.36" 3
0:0:0:0:0:0:0:1 - - [23/nov./2016:11:49:27 +0000] "GET //localhost:8092/my-security/oauth/authorize?response_type=code&client_id=test&redirect_uri=http://localhost:8080/demo/* HTTP/1.1" 302 0 "-" "Mozilla/5.0 (Macintosh; Intel Mac OS X 10_11_5) AppleWebKit/537.36 (KHTML, like Gecko) Chrome/54.0.2840.98 Safari/537.36" 12
0:0:0:0:0:0:0:1 - - [23/nov./2016:11:49:31 +0000] "GET //localhost:8092/my-security/ HTTP/1.1" 404 0 "http://localhost:8092/my-security/login" "Mozilla/5.0 (Macintosh; Intel Mac OS X 10_11_5) AppleWebKit/537.36 (KHTML, like Gecko) Chrome/54.0.2840.98 Safari/537.36" 5
0:0:0:0:0:0:0:1 - - [23/nov./2016:11:49:39 +0000] "GET //localhost:8092/my-security/oauth/authorize?response_type=code&client_id=test&redirect_uri=http://localhost:8080/demo/* HTTP/1.1" 302 0 "-" "Mozilla/5.0 (Macintosh; Intel Mac OS X 10_11_5) AppleWebKit/537.36 (KHTML, like Gecko) Chrome/54.0.2840.98 Safari/537.36" 8
0:0:0:0:0:0:0:1 - - [23/nov./2016:11:49:49 +0000] "GET //localhost:8092/my-security/ HTTP/1.1" 404 0 "http://localhost:8092/my-security/login" "Mozilla/5.0 (Macintosh; Intel Mac OS X 10_11_5) AppleWebKit/537.36 (KHTML, like Gecko) Chrome/54.0.2840.98 Safari/537.36" 2
0:0:0:0:0:0:0:1 - - [23/nov./2016:11:50:36 +0000] "GET //localhost:8092/my-security/oauth/authorize?response_type=code&client_id=test&redirect_uri=http://localhost:8080/demo/* HTTP/1.1" 302 0 "-" "Mozilla/5.0 (Macintosh; Intel Mac OS X 10_11_5) AppleWebKit/537.36 (KHTML, like Gecko) Chrome/54.0.2840.98 Safari/537.36" 10
0:0:0:0:0:0:0:1 - - [23/nov./2016:11:50:36 +0000] "GET //localhost:8092/my-security/login HTTP/1.1" 200 536 "-" "Mozilla/5.0 (Macintosh; Intel Mac OS X 10_11_5) AppleWebKit/537.36 (KHTML, like Gecko) Chrome/54.0.2840.98 Safari/537.36" 3
0:0:0:0:0:0:0:1 - - [23/nov./2016:11:50:41 +0000] "POST //localhost:8092/my-security/login HTTP/1.1" 302 0 "http://localhost:8092/my-security/login" "Mozilla/5.0 (Macintosh; Intel Mac OS X 10_11_5) AppleWebKit/537.36 (KHTML, like Gecko) Chrome/54.0.2840.98 Safari/537.36" 2
0:0:0:0:0:0:0:1 - - [23/nov./2016:11:50:41 +0000] "GET //localhost:8092/my-security/oauth/authorize?response_type=code&client_id=test&redirect_uri=http://localhost:8080/demo/* HTTP/1.1" 302 0 "http://localhost:8092/my-security/login" "Mozilla/5.0 (Macintosh; Intel Mac OS X 10_11_5) AppleWebKit/537.36 (KHTML, like Gecko) Chrome/54.0.2840.98 Safari/537.36" 10
0:0:0:0:0:0:0:1 - - [23/nov./2016:11:51:31 +0000] "GET //localhost:8092/my-security/oauth/authorize?response_type=code&client_id=test&redirect_uri=http://localhost:8080/demo/* HTTP/1.1" 302 0 "-" "Mozilla/5.0 (Macintosh; Intel Mac OS X 10_11_5) AppleWebKit/537.36 (KHTML, like Gecko) Chrome/54.0.2840.98 Safari/537.36" 48
0:0:0:0:0:0:0:1 - - [23/nov./2016:11:51:32 +0000] "GET //localhost:8092/my-security/login HTTP/1.1" 200 536 "-" "Mozilla/5.0 (Macintosh; Intel Mac OS X 10_11_5) AppleWebKit/537.36 (KHTML, like Gecko) Chrome/54.0.2840.98 Safari/537.36" 314
0:0:0:0:0:0:0:1 - - [23/nov./2016:11:51:35 +0000] "POST //localhost:8092/my-security/login HTTP/1.1" 302 0 "http://localhost:8092/my-security/login" "Mozilla/5.0 (Macintosh; Intel Mac OS X 10_11_5) AppleWebKit/537.36 (KHTML, like Gecko) Chrome/54.0.2840.98 Safari/537.36" 5
0:0:0:0:0:0:0:1 - - [23/nov./2016:11:51:35 +0000] "GET //localhost:8092/my-security/login?error=true HTTP/1.1" 200 536 "http://localhost:8092/my-security/login" "Mozilla/5.0 (Macintosh; Intel Mac OS X 10_11_5) AppleWebKit/537.36 (KHTML, like Gecko) Chrome/54.0.2840.98 Safari/537.36" 5
0:0:0:0:0:0:0:1 - - [23/nov./2016:11:51:43 +0000] "POST //localhost:8092/my-security/login HTTP/1.1" 302 0 "http://localhost:8092/my-security/login?error=true" "Mozilla/5.0 (Macintosh; Intel Mac OS X 10_11_5) AppleWebKit/537.36 (KHTML, like Gecko) Chrome/54.0.2840.98 Safari/537.36" 4
0:0:0:0:0:0:0:1 - - [23/nov./2016:11:51:43 +0000] "GET //localhost:8092/my-security/oauth/authorize?response_type=code&client_id=test&redirect_uri=http://localhost:8080/demo/* HTTP/1.1" 302 0 "http://localhost:8092/my-security/login?error=true" "Mozilla/5.0 (Macintosh; Intel Mac OS X 10_11_5) AppleWebKit/537.36 (KHTML, like Gecko) Chrome/54.0.2840.98 Safari/537.36" 58
0:0:0:0:0:0:0:1 - - [23/nov./2016:11:52:22 +0000] "GET //localhost:8092/my-security/oauth/authorize?response_type=code&client_id=test&redirect_uri=http://localhost:8080/demo/* HTTP/1.1" 302 0 "-" "Mozilla/5.0 (Macintosh; Intel Mac OS X 10_11_5) AppleWebKit/537.36 (KHTML, like Gecko) Chrome/54.0.2840.98 Safari/537.36" 40
0:0:0:0:0:0:0:1 - - [23/nov./2016:11:52:22 +0000] "GET //localhost:8092/my-security/login HTTP/1.1" 200 562 "-" "Mozilla/5.0 (Macintosh; Intel Mac OS X 10_11_5) AppleWebKit/537.36 (KHTML, like Gecko) Chrome/54.0.2840.98 Safari/537.36" 4
0:0:0:0:0:0:0:1 - - [23/nov./2016:11:52:27 +0000] "POST //localhost:8092/my-security/login HTTP/1.1" 302 0 "http://localhost:8092/my-security/login" "Mozilla/5.0 (Macintosh; Intel Mac OS X 10_11_5) AppleWebKit/537.36 (KHTML, like Gecko) Chrome/54.0.2840.98 Safari/537.36" 6
0:0:0:0:0:0:0:1 - - [23/nov./2016:11:52:27 +0000] "GET //localhost:8092/my-security/oauth/authorize?response_type=code&client_id=test&redirect_uri=http://localhost:8080/demo/* HTTP/1.1" 302 0 "http://localhost:8092/my-security/login" "Mozilla/5.0 (Macintosh; Intel Mac OS X 10_11_5) AppleWebKit/537.36 (KHTML, like Gecko) Chrome/54.0.2840.98 Safari/537.36" 118
0:0:0:0:0:0:0:1 - - [23/nov./2016:11:52:33 +0000] "GET //localhost:8092/my-security/oauth/authorize?response_type=code&client_id=test&redirect_uri=http://localhost:8080/demo/* HTTP/1.1" 302 0 "-" "Mozilla/5.0 (Macintosh; Intel Mac OS X 10_11_5) AppleWebKit/537.36 (KHTML, like Gecko) Chrome/54.0.2840.98 Safari/537.36" 9
0:0:0:0:0:0:0:1 - - [23/nov./2016:11:52:53 +0000] "GET //localhost:8092/my-security/oauth/authorize?response_type=code&client_id=test&redirect_uri=http://localhost:8080/demo/* HTTP/1.1" 302 0 "-" "Mozilla/5.0 (Macintosh; Intel Mac OS X 10_11_5) AppleWebKit/537.36 (KHTML, like Gecko) Chrome/54.0.2840.98 Safari/537.36" 7
0:0:0:0:0:0:0:1 - - [23/nov./2016:11:52:56 +0000] "GET //localhost:8092/my-security/oauth/authorize?response_type=code&client_id=test&redirect_uri=http://localhost:8080/demo/ HTTP/1.1" 400 237 "-" "Mozilla/5.0 (Macintosh; Intel Mac OS X 10_11_5) AppleWebKit/537.36 (KHTML, like Gecko) Chrome/54.0.2840.98 Safari/537.36" 17
0:0:0:0:0:0:0:1 - - [23/nov./2016:11:53:08 +0000] "GET //localhost:8092/my-security/oauth/authorize?response_type=code&client_id=test&redirect_uri=http://localhost:8080/demo/* HTTP/1.1" 302 0 "-" "Mozilla/5.0 (Macintosh; Intel Mac OS X 10_11_5) AppleWebKit/537.36 (KHTML, like Gecko) Chrome/54.0.2840.98 Safari/537.36" 3
0:0:0:0:0:0:0:1 - - [23/nov./2016:11:53:08 +0000] "GET //localhost:8092/my-security/login HTTP/1.1" 200 562 "-" "Mozilla/5.0 (Macintosh; Intel Mac OS X 10_11_5) AppleWebKit/537.36 (KHTML, like Gecko) Chrome/54.0.2840.98 Safari/537.36" 1
0:0:0:0:0:0:0:1 - - [23/nov./2016:11:53:13 +0000] "POST //localhost:8092/my-security/login HTTP/1.1" 302 0 "http://localhost:8092/my-security/login" "Mozilla/5.0 (Macintosh; Intel Mac OS X 10_11_5) AppleWebKit/537.36 (KHTML, like Gecko) Chrome/54.0.2840.98 Safari/537.36" 2
0:0:0:0:0:0:0:1 - - [23/nov./2016:11:53:13 +0000] "GET //localhost:8092/my-security/oauth/authorize?response_type=code&client_id=test&redirect_uri=http://localhost:8080/demo/* HTTP/1.1" 302 0 "http://localhost:8092/my-security/login" "Mozilla/5.0 (Macintosh; Intel Mac OS X 10_11_5) AppleWebKit/537.36 (KHTML, like Gecko) Chrome/54.0.2840.98 Safari/537.36" 9
0:0:0:0:0:0:0:1 - - [23/nov./2016:11:53:31 +0000] "GET //localhost:8092/my-security/oauth/authorize?response_type=code&client_id=test&redirect_uri=http://localhost:8080/demo/ HTTP/1.1" 302 0 "-" "Mozilla/5.0 (Macintosh; Intel Mac OS X 10_11_5) AppleWebKit/537.36 (KHTML, like Gecko) Chrome/54.0.2840.98 Safari/537.36" 41
0:0:0:0:0:0:0:1 - - [23/nov./2016:11:53:31 +0000] "GET //localhost:8092/my-security/login HTTP/1.1" 200 562 "-" "Mozilla/5.0 (Macintosh; Intel Mac OS X 10_11_5) AppleWebKit/537.36 (KHTML, like Gecko) Chrome/54.0.2840.98 Safari/537.36" 4
0:0:0:0:0:0:0:1 - - [23/nov./2016:11:53:42 +0000] "GET //localhost:8092/my-security/oauth/authorize?response_type=code&client_id=test&redirect_uri=http://localhost:8080/demo/* HTTP/1.1" 302 0 "-" "Mozilla/5.0 (Macintosh; Intel Mac OS X 10_11_5) AppleWebKit/537.36 (KHTML, like Gecko) Chrome/54.0.2840.98 Safari/537.36" 4
0:0:0:0:0:0:0:1 - - [23/nov./2016:11:53:42 +0000] "GET //localhost:8092/my-security/login HTTP/1.1" 200 562 "-" "Mozilla/5.0 (Macintosh; Intel Mac OS X 10_11_5) AppleWebKit/537.36 (KHTML, like Gecko) Chrome/54.0.2840.98 Safari/537.36" 1
0:0:0:0:0:0:0:1 - - [23/nov./2016:11:53:46 +0000] "POST //localhost:8092/my-security/login HTTP/1.1" 302 0 "http://localhost:8092/my-security/login" "Mozilla/5.0 (Macintosh; Intel Mac OS X 10_11_5) AppleWebKit/537.36 (KHTML, like Gecko) Chrome/54.0.2840.98 Safari/537.36" 7
0:0:0:0:0:0:0:1 - - [23/nov./2016:11:53:46 +0000] "GET //localhost:8092/my-security/oauth/authorize?response_type=code&client_id=test&redirect_uri=http://localhost:8080/demo/* HTTP/1.1" 302 0 "http://localhost:8092/my-security/login" "Mozilla/5.0 (Macintosh; Intel Mac OS X 10_11_5) AppleWebKit/537.36 (KHTML, like Gecko) Chrome/54.0.2840.98 Safari/537.36" 119
0:0:0:0:0:0:0:1 - - [23/nov./2016:11:54:19 +0000] "GET //localhost:8092/my-security/oauth/authorize?response_type=code&client_id=test&redirect_uri=http://localhost:8080/demo/* HTTP/1.1" 302 0 "-" "Mozilla/5.0 (Macintosh; Intel Mac OS X 10_11_5) AppleWebKit/537.36 (KHTML, like Gecko) Chrome/54.0.2840.98 Safari/537.36" 39
0:0:0:0:0:0:0:1 - - [23/nov./2016:11:54:19 +0000] "GET //localhost:8092/my-security/login HTTP/1.1" 200 562 "-" "Mozilla/5.0 (Macintosh; Intel Mac OS X 10_11_5) AppleWebKit/537.36 (KHTML, like Gecko) Chrome/54.0.2840.98 Safari/537.36" 5
0:0:0:0:0:0:0:1 - - [23/nov./2016:11:54:26 +0000] "POST //localhost:8092/my-security/login HTTP/1.1" 302 0 "http://localhost:8092/my-security/login" "Mozilla/5.0 (Macintosh; Intel Mac OS X 10_11_5) AppleWebKit/537.36 (KHTML, like Gecko) Chrome/54.0.2840.98 Safari/537.36" 5
0:0:0:0:0:0:0:1 - - [23/nov./2016:11:54:26 +0000] "GET //localhost:8092/my-security/login?error HTTP/1.1" 200 676 "http://localhost:8092/my-security/login" "Mozilla/5.0 (Macintosh; Intel Mac OS X 10_11_5) AppleWebKit/537.36 (KHTML, like Gecko) Chrome/54.0.2840.98 Safari/537.36" 2
0:0:0:0:0:0:0:1 - - [23/nov./2016:11:54:34 +0000] "POST //localhost:8092/my-security/login HTTP/1.1" 302 0 "http://localhost:8092/my-security/login?error" "Mozilla/5.0 (Macintosh; Intel Mac OS X 10_11_5) AppleWebKit/537.36 (KHTML, like Gecko) Chrome/54.0.2840.98 Safari/537.36" 3
0:0:0:0:0:0:0:1 - - [23/nov./2016:11:54:34 +0000] "GET //localhost:8092/my-security/oauth/authorize?response_type=code&client_id=test&redirect_uri=http://localhost:8080/demo/* HTTP/1.1" 200 746 "http://localhost:8092/my-security/login?error" "Mozilla/5.0 (Macintosh; Intel Mac OS X 10_11_5) AppleWebKit/537.36 (KHTML, like Gecko) Chrome/54.0.2840.98 Safari/537.36" 126
0:0:0:0:0:0:0:1 - - [23/nov./2016:11:55:47 +0000] "GET //localhost:8092/my-security/oauth/authorize?response_type=code&client_id=test&redirect_uri=http://localhost:8080/demo/* HTTP/1.1" 302 0 "-" "Mozilla/5.0 (Macintosh; Intel Mac OS X 10_11_5) AppleWebKit/537.36 (KHTML, like Gecko) Chrome/54.0.2840.98 Safari/537.36" 37
0:0:0:0:0:0:0:1 - - [23/nov./2016:11:55:47 +0000] "GET //localhost:8092/my-security/login HTTP/1.1" 200 536 "-" "Mozilla/5.0 (Macintosh; Intel Mac OS X 10_11_5) AppleWebKit/537.36 (KHTML, like Gecko) Chrome/54.0.2840.98 Safari/537.36" 309
0:0:0:0:0:0:0:1 - - [23/nov./2016:11:55:51 +0000] "POST //localhost:8092/my-security/login HTTP/1.1" 302 0 "http://localhost:8092/my-security/login" "Mozilla/5.0 (Macintosh; Intel Mac OS X 10_11_5) AppleWebKit/537.36 (KHTML, like Gecko) Chrome/54.0.2840.98 Safari/537.36" 6
0:0:0:0:0:0:0:1 - - [23/nov./2016:11:55:51 +0000] "GET //localhost:8092/my-security/oauth/authorize HTTP/1.1" 401 139 "http://localhost:8092/my-security/login" "Mozilla/5.0 (Macintosh; Intel Mac OS X 10_11_5) AppleWebKit/537.36 (KHTML, like Gecko) Chrome/54.0.2840.98 Safari/537.36" 32
0:0:0:0:0:0:0:1 - - [23/nov./2016:11:55:57 +0000] "GET //localhost:8092/my-security/login HTTP/1.1" 200 536 "-" "Mozilla/5.0 (Macintosh; Intel Mac OS X 10_11_5) AppleWebKit/537.36 (KHTML, like Gecko) Chrome/54.0.2840.98 Safari/537.36" 4
0:0:0:0:0:0:0:1 - - [23/nov./2016:11:56:01 +0000] "POST //localhost:8092/my-security/login HTTP/1.1" 302 0 "http://localhost:8092/my-security/login" "Mozilla/5.0 (Macintosh; Intel Mac OS X 10_11_5) AppleWebKit/537.36 (KHTML, like Gecko) Chrome/54.0.2840.98 Safari/537.36" 2
0:0:0:0:0:0:0:1 - - [23/nov./2016:11:56:01 +0000] "GET //localhost:8092/my-security/oauth/authorize HTTP/1.1" 401 139 "http://localhost:8092/my-security/login" "Mozilla/5.0 (Macintosh; Intel Mac OS X 10_11_5) AppleWebKit/537.36 (KHTML, like Gecko) Chrome/54.0.2840.98 Safari/537.36" 5
0:0:0:0:0:0:0:1 - - [23/nov./2016:11:56:03 +0000] "GET //localhost:8092/my-security/login HTTP/1.1" 200 536 "-" "Mozilla/5.0 (Macintosh; Intel Mac OS X 10_11_5) AppleWebKit/537.36 (KHTML, like Gecko) Chrome/54.0.2840.98 Safari/537.36" 4
0:0:0:0:0:0:0:1 - - [23/nov./2016:11:57:45 +0000] "POST //localhost:8092/my-security/login HTTP/1.1" 302 0 "http://localhost:8092/my-security/login" "Mozilla/5.0 (Macintosh; Intel Mac OS X 10_11_5) AppleWebKit/537.36 (KHTML, like Gecko) Chrome/54.0.2840.98 Safari/537.36" 2
0:0:0:0:0:0:0:1 - - [23/nov./2016:11:57:45 +0000] "GET //localhost:8092/my-security/login?error HTTP/1.1" 200 536 "http://localhost:8092/my-security/login" "Mozilla/5.0 (Macintosh; Intel Mac OS X 10_11_5) AppleWebKit/537.36 (KHTML, like Gecko) Chrome/54.0.2840.98 Safari/537.36" 4
0:0:0:0:0:0:0:1 - - [23/nov./2016:11:57:49 +0000] "POST //localhost:8092/my-security/login HTTP/1.1" 302 0 "http://localhost:8092/my-security/login?error" "Mozilla/5.0 (Macintosh; Intel Mac OS X 10_11_5) AppleWebKit/537.36 (KHTML, like Gecko) Chrome/54.0.2840.98 Safari/537.36" 2
0:0:0:0:0:0:0:1 - - [23/nov./2016:11:57:49 +0000] "GET //localhost:8092/my-security/oauth/authorize HTTP/1.1" 401 139 "http://localhost:8092/my-security/login?error" "Mozilla/5.0 (Macintosh; Intel Mac OS X 10_11_5) AppleWebKit/537.36 (KHTML, like Gecko) Chrome/54.0.2840.98 Safari/537.36" 4
0:0:0:0:0:0:0:1 - - [23/nov./2016:11:57:51 +0000] "GET //localhost:8092/my-security/login?error HTTP/1.1" 200 536 "http://localhost:8092/my-security/login" "Mozilla/5.0 (Macintosh; Intel Mac OS X 10_11_5) AppleWebKit/537.36 (KHTML, like Gecko) Chrome/54.0.2840.98 Safari/537.36" 4
0:0:0:0:0:0:0:1 - - [23/nov./2016:11:58:10 +0000] "POST //localhost:8092/my-security/login HTTP/1.1" 403 0 "http://localhost:8092/my-security/login?error" "Mozilla/5.0 (Macintosh; Intel Mac OS X 10_11_5) AppleWebKit/537.36 (KHTML, like Gecko) Chrome/54.0.2840.98 Safari/537.36" 24
0:0:0:0:0:0:0:1 - - [23/nov./2016:13:02:52 +0000] "GET //localhost:8092/my-security/login?error HTTP/1.1" 200 536 "http://localhost:8092/my-security/login" "Mozilla/5.0 (Macintosh; Intel Mac OS X 10_11_5) AppleWebKit/537.36 (KHTML, like Gecko) Chrome/54.0.2840.98 Safari/537.36" 466
0:0:0:0:0:0:0:1 - - [23/nov./2016:13:02:55 +0000] "POST //localhost:8092/my-security/login HTTP/1.1" 302 0 "http://localhost:8092/my-security/login?error" "Mozilla/5.0 (Macintosh; Intel Mac OS X 10_11_5) AppleWebKit/537.36 (KHTML, like Gecko) Chrome/54.0.2840.98 Safari/537.36" 4
0:0:0:0:0:0:0:1 - - [23/nov./2016:13:02:55 +0000] "GET //localhost:8092/my-security/login?error HTTP/1.1" 200 536 "http://localhost:8092/my-security/login?error" "Mozilla/5.0 (Macintosh; Intel Mac OS X 10_11_5) AppleWebKit/537.36 (KHTML, like Gecko) Chrome/54.0.2840.98 Safari/537.36" 5
0:0:0:0:0:0:0:1 - - [23/nov./2016:13:03:06 +0000] "POST //localhost:8092/my-security/login HTTP/1.1" 302 0 "http://localhost:8092/my-security/login?error" "Mozilla/5.0 (Macintosh; Intel Mac OS X 10_11_5) AppleWebKit/537.36 (KHTML, like Gecko) Chrome/54.0.2840.98 Safari/537.36" 4
0:0:0:0:0:0:0:1 - - [23/nov./2016:13:03:06 +0000] "GET //localhost:8092/my-security/ HTTP/1.1" 404 0 "http://localhost:8092/my-security/login?error" "Mozilla/5.0 (Macintosh; Intel Mac OS X 10_11_5) AppleWebKit/537.36 (KHTML, like Gecko) Chrome/54.0.2840.98 Safari/537.36" 5
0:0:0:0:0:0:0:1 - - [23/nov./2016:13:06:06 +0000] "GET //localhost:8092/my-security/oauth/authorize?response_type=code&client_id=test&redirect_uri=http://localhost:8080/demo/* HTTP/1.1" 302 0 "-" "Mozilla/5.0 (Macintosh; Intel Mac OS X 10_11_5) AppleWebKit/537.36 (KHTML, like Gecko) Chrome/54.0.2840.98 Safari/537.36" 40
0:0:0:0:0:0:0:1 - - [23/nov./2016:13:06:06 +0000] "GET //localhost:8092/my-security/login HTTP/1.1" 200 536 "-" "Mozilla/5.0 (Macintosh; Intel Mac OS X 10_11_5) AppleWebKit/537.36 (KHTML, like Gecko) Chrome/54.0.2840.98 Safari/537.36" 402
0:0:0:0:0:0:0:1 - - [23/nov./2016:13:06:10 +0000] "POST //localhost:8092/my-security/login HTTP/1.1" 302 0 "http://localhost:8092/my-security/login" "Mozilla/5.0 (Macintosh; Intel Mac OS X 10_11_5) AppleWebKit/537.36 (KHTML, like Gecko) Chrome/54.0.2840.98 Safari/537.36" 5
0:0:0:0:0:0:0:1 - - [23/nov./2016:13:06:11 +0000] "GET //localhost:8092/my-security/login?error HTTP/1.1" 200 536 "http://localhost:8092/my-security/login" "Mozilla/5.0 (Macintosh; Intel Mac OS X 10_11_5) AppleWebKit/537.36 (KHTML, like Gecko) Chrome/54.0.2840.98 Safari/537.36" 4
0:0:0:0:0:0:0:1 - - [23/nov./2016:13:06:15 +0000] "POST //localhost:8092/my-security/login HTTP/1.1" 302 0 "http://localhost:8092/my-security/login?error" "Mozilla/5.0 (Macintosh; Intel Mac OS X 10_11_5) AppleWebKit/537.36 (KHTML, like Gecko) Chrome/54.0.2840.98 Safari/537.36" 4
0:0:0:0:0:0:0:1 - - [23/nov./2016:13:06:15 +0000] "GET //localhost:8092/my-security/oauth/authorize?response_type=code&client_id=test&redirect_uri=http://localhost:8080/demo/* HTTP/1.1" 200 746 "http://localhost:8092/my-security/login?error" "Mozilla/5.0 (Macintosh; Intel Mac OS X 10_11_5) AppleWebKit/537.36 (KHTML, like Gecko) Chrome/54.0.2840.98 Safari/537.36" 48
0:0:0:0:0:0:0:1 - - [23/nov./2016:13:06:48 +0000] "POST //localhost:8092/my-security/oauth/authorize HTTP/1.1" 403 0 "http://localhost:8092/my-security/oauth/authorize?response_type=code&client_id=test&redirect_uri=http://localhost:8080/demo/*" "Mozilla/5.0 (Macintosh; Intel Mac OS X 10_11_5) AppleWebKit/537.36 (KHTML, like Gecko) Chrome/54.0.2840.98 Safari/537.36" 25
0:0:0:0:0:0:0:1 - - [23/nov./2016:13:06:54 +0000] "GET //localhost:8092/my-security/login HTTP/1.1" 200 544 "-" "Mozilla/5.0 (Macintosh; Intel Mac OS X 10_11_5) AppleWebKit/537.36 (KHTML, like Gecko) Chrome/54.0.2840.98 Safari/537.36" 376
0:0:0:0:0:0:0:1 - - [23/nov./2016:13:06:59 +0000] "GET //localhost:8092/my-security/oauth/authorize?response_type=code&client_id=test&redirect_uri=http://localhost:8080/demo/* HTTP/1.1" 302 0 "-" "Mozilla/5.0 (Macintosh; Intel Mac OS X 10_11_5) AppleWebKit/537.36 (KHTML, like Gecko) Chrome/54.0.2840.98 Safari/537.36" 10
0:0:0:0:0:0:0:1 - - [23/nov./2016:13:06:59 +0000] "GET //localhost:8092/my-security/login HTTP/1.1" 200 544 "-" "Mozilla/5.0 (Macintosh; Intel Mac OS X 10_11_5) AppleWebKit/537.36 (KHTML, like Gecko) Chrome/54.0.2840.98 Safari/537.36" 4
0:0:0:0:0:0:0:1 - - [23/nov./2016:13:07:02 +0000] "POST //localhost:8092/my-security/login HTTP/1.1" 302 0 "http://localhost:8092/my-security/login" "Mozilla/5.0 (Macintosh; Intel Mac OS X 10_11_5) AppleWebKit/537.36 (KHTML, like Gecko) Chrome/54.0.2840.98 Safari/537.36" 3
0:0:0:0:0:0:0:1 - - [23/nov./2016:13:07:02 +0000] "GET //localhost:8092/my-security/login?error HTTP/1.1" 200 544 "http://localhost:8092/my-security/login" "Mozilla/5.0 (Macintosh; Intel Mac OS X 10_11_5) AppleWebKit/537.36 (KHTML, like Gecko) Chrome/54.0.2840.98 Safari/537.36" 4
0:0:0:0:0:0:0:1 - - [23/nov./2016:13:07:25 +0000] "POST //localhost:8092/my-security/login HTTP/1.1" 302 0 "http://localhost:8092/my-security/login?error" "Mozilla/5.0 (Macintosh; Intel Mac OS X 10_11_5) AppleWebKit/537.36 (KHTML, like Gecko) Chrome/54.0.2840.98 Safari/537.36" 3
0:0:0:0:0:0:0:1 - - [23/nov./2016:13:07:25 +0000] "GET //localhost:8092/my-security/oauth/authorize?response_type=code&client_id=test&redirect_uri=http://localhost:8080/demo/* HTTP/1.1" 200 746 "http://localhost:8092/my-security/login?error" "Mozilla/5.0 (Macintosh; Intel Mac OS X 10_11_5) AppleWebKit/537.36 (KHTML, like Gecko) Chrome/54.0.2840.98 Safari/537.36" 44
0:0:0:0:0:0:0:1 - - [23/nov./2016:13:07:26 +0000] "POST //localhost:8092/my-security/oauth/authorize HTTP/1.1" 302 0 "http://localhost:8092/my-security/oauth/authorize?response_type=code&client_id=test&redirect_uri=http://localhost:8080/demo/*" "Mozilla/5.0 (Macintosh; Intel Mac OS X 10_11_5) AppleWebKit/537.36 (KHTML, like Gecko) Chrome/54.0.2840.98 Safari/537.36" 13
0:0:0:0:0:0:0:1 - - [23/nov./2016:13:07:28 +0000] "GET //localhost:8092/my-security/oauth/authorize?response_type=code&client_id=test&redirect_uri=http://localhost:8080/demo/* HTTP/1.1" 200 746 "http://localhost:8092/my-security/login?error" "Mozilla/5.0 (Macintosh; Intel Mac OS X 10_11_5) AppleWebKit/537.36 (KHTML, like Gecko) Chrome/54.0.2840.98 Safari/537.36" 7
0:0:0:0:0:0:0:1 - - [23/nov./2016:13:07:31 +0000] "POST //localhost:8092/my-security/oauth/authorize HTTP/1.1" 403 0 "http://localhost:8092/my-security/oauth/authorize?response_type=code&client_id=test&redirect_uri=http://localhost:8080/demo/*" "Mozilla/5.0 (Macintosh; Intel Mac OS X 10_11_5) AppleWebKit/537.36 (KHTML, like Gecko) Chrome/54.0.2840.98 Safari/537.36" 2
0:0:0:0:0:0:0:1 - - [23/nov./2016:13:07:37 +0000] "GET //localhost:8092/my-security/ HTTP/1.1" 302 0 "-" "Mozilla/5.0 (Macintosh; Intel Mac OS X 10_11_5) AppleWebKit/537.36 (KHTML, like Gecko) Chrome/54.0.2840.98 Safari/537.36" 2
0:0:0:0:0:0:0:1 - - [23/nov./2016:13:07:37 +0000] "GET //localhost:8092/my-security/login HTTP/1.1" 200 544 "-" "Mozilla/5.0 (Macintosh; Intel Mac OS X 10_11_5) AppleWebKit/537.36 (KHTML, like Gecko) Chrome/54.0.2840.98 Safari/537.36" 3
0:0:0:0:0:0:0:1 - - [23/nov./2016:13:07:40 +0000] "POST //localhost:8092/my-security/login HTTP/1.1" 302 0 "http://localhost:8092/my-security/login" "Mozilla/5.0 (Macintosh; Intel Mac OS X 10_11_5) AppleWebKit/537.36 (KHTML, like Gecko) Chrome/54.0.2840.98 Safari/537.36" 2
0:0:0:0:0:0:0:1 - - [23/nov./2016:13:07:40 +0000] "GET //localhost:8092/my-security/ HTTP/1.1" 404 0 "http://localhost:8092/my-security/login" "Mozilla/5.0 (Macintosh; Intel Mac OS X 10_11_5) AppleWebKit/537.36 (KHTML, like Gecko) Chrome/54.0.2840.98 Safari/537.36" 3
0:0:0:0:0:0:0:1 - - [23/nov./2016:13:07:42 +0000] "GET //localhost:8092/my-security/login HTTP/1.1" 200 544 "-" "Mozilla/5.0 (Macintosh; Intel Mac OS X 10_11_5) AppleWebKit/537.36 (KHTML, like Gecko) Chrome/54.0.2840.98 Safari/537.36" 3
0:0:0:0:0:0:0:1 - - [23/nov./2016:13:07:50 +0000] "POST //localhost:8092/my-security/login HTTP/1.1" 403 0 "http://localhost:8092/my-security/login" "Mozilla/5.0 (Macintosh; Intel Mac OS X 10_11_5) AppleWebKit/537.36 (KHTML, like Gecko) Chrome/54.0.2840.98 Safari/537.36" 2
0:0:0:0:0:0:0:1 - - [23/nov./2016:13:07:59 +0000] "POST //localhost:8092/my-security/login HTTP/1.1" 403 0 "http://localhost:8092/my-security/login" "Mozilla/5.0 (Macintosh; Intel Mac OS X 10_11_5) AppleWebKit/537.36 (KHTML, like Gecko) Chrome/54.0.2840.98 Safari/537.36" 2
0:0:0:0:0:0:0:1 - - [23/nov./2016:13:08:02 +0000] "GET //localhost:8092/my-security/ HTTP/1.1" 302 0 "-" "Mozilla/5.0 (Macintosh; Intel Mac OS X 10_11_5) AppleWebKit/537.36 (KHTML, like Gecko) Chrome/54.0.2840.98 Safari/537.36" 2
0:0:0:0:0:0:0:1 - - [23/nov./2016:13:08:02 +0000] "GET //localhost:8092/my-security/login HTTP/1.1" 200 544 "-" "Mozilla/5.0 (Macintosh; Intel Mac OS X 10_11_5) AppleWebKit/537.36 (KHTML, like Gecko) Chrome/54.0.2840.98 Safari/537.36" 3
0:0:0:0:0:0:0:1 - - [23/nov./2016:13:08:06 +0000] "POST //localhost:8092/my-security/login HTTP/1.1" 302 0 "http://localhost:8092/my-security/login" "Mozilla/5.0 (Macintosh; Intel Mac OS X 10_11_5) AppleWebKit/537.36 (KHTML, like Gecko) Chrome/54.0.2840.98 Safari/537.36" 2
0:0:0:0:0:0:0:1 - - [23/nov./2016:13:08:06 +0000] "GET //localhost:8092/my-security/ HTTP/1.1" 404 0 "http://localhost:8092/my-security/login" "Mozilla/5.0 (Macintosh; Intel Mac OS X 10_11_5) AppleWebKit/537.36 (KHTML, like Gecko) Chrome/54.0.2840.98 Safari/537.36" 2
0:0:0:0:0:0:0:1 - - [23/nov./2016:13:09:31 +0000] "GET //localhost:8092/my-security/oauth/authorize?response_type=code&client_id=test&redirect_uri=http://localhost:8080/demo/* HTTP/1.1" 200 746 "-" "Mozilla/5.0 (Macintosh; Intel Mac OS X 10_11_5) AppleWebKit/537.36 (KHTML, like Gecko) Chrome/54.0.2840.98 Safari/537.36" 6
0:0:0:0:0:0:0:1 - - [23/nov./2016:13:09:32 +0000] "POST //localhost:8092/my-security/oauth/authorize HTTP/1.1" 302 0 "http://localhost:8092/my-security/oauth/authorize?response_type=code&client_id=test&redirect_uri=http://localhost:8080/demo/*" "Mozilla/5.0 (Macintosh; Intel Mac OS X 10_11_5) AppleWebKit/537.36 (KHTML, like Gecko) Chrome/54.0.2840.98 Safari/537.36" 4
0:0:0:0:0:0:0:1 - - [23/nov./2016:13:09:34 +0000] "GET //localhost:8092/my-security/oauth/authorize?response_type=code&client_id=test&redirect_uri=http://localhost:8080/demo/* HTTP/1.1" 200 746 "-" "Mozilla/5.0 (Macintosh; Intel Mac OS X 10_11_5) AppleWebKit/537.36 (KHTML, like Gecko) Chrome/54.0.2840.98 Safari/537.36" 6
0:0:0:0:0:0:0:1 - - [23/nov./2016:13:09:34 +0000] "GET //localhost:8092/my-security/ HTTP/1.1" 404 0 "http://localhost:8092/my-security/login" "Mozilla/5.0 (Macintosh; Intel Mac OS X 10_11_5) AppleWebKit/537.36 (KHTML, like Gecko) Chrome/54.0.2840.98 Safari/537.36" 2
0:0:0:0:0:0:0:1 - - [23/nov./2016:13:09:35 +0000] "GET //localhost:8092/my-security/oauth/authorize?response_type=code&client_id=test&redirect_uri=http://localhost:8080/demo/* HTTP/1.1" 200 746 "-" "Mozilla/5.0 (Macintosh; Intel Mac OS X 10_11_5) AppleWebKit/537.36 (KHTML, like Gecko) Chrome/54.0.2840.98 Safari/537.36" 8
0:0:0:0:0:0:0:1 - - [23/nov./2016:13:47:33 +0000] "POST //localhost:8092/my-security/oauth/authorize HTTP/1.1" 302 0 "http://localhost:8092/my-security/oauth/authorize?response_type=code&client_id=test&redirect_uri=http://localhost:8080/demo/*" "Mozilla/5.0 (Macintosh; Intel Mac OS X 10_11_5) AppleWebKit/537.36 (KHTML, like Gecko) Chrome/54.0.2840.98 Safari/537.36" 5
0:0:0:0:0:0:0:1 - - [23/nov./2016:15:23:52 +0000] "POST //localhost:8092/my-security/oauth/token?grant_type=password&client_id=test&client_secret=test&username=user&password=password HTTP/1.1" 401 102 "-" "Mozilla/5.0 (Macintosh; Intel Mac OS X 10_11_5) AppleWebKit/537.36 (KHTML, like Gecko) Chrome/54.0.2840.98 Safari/537.36" 46
0:0:0:0:0:0:0:1 - - [23/nov./2016:15:23:54 +0000] "POST //localhost:8092/my-security/oauth/token?grant_type=password&client_id=test&client_secret=test&username=user&password=password HTTP/1.1" 401 0 "-" "Mozilla/5.0 (Macintosh; Intel Mac OS X 10_11_5) AppleWebKit/537.36 (KHTML, like Gecko) Chrome/54.0.2840.98 Safari/537.36" 4
0:0:0:0:0:0:0:1 - - [23/nov./2016:15:23:56 +0000] "POST //localhost:8092/my-security/oauth/token?grant_type=password&client_id=test&client_secret=test&username=user&password=password HTTP/1.1" 401 0 "-" "Mozilla/5.0 (Macintosh; Intel Mac OS X 10_11_5) AppleWebKit/537.36 (KHTML, like Gecko) Chrome/54.0.2840.98 Safari/537.36" 2
0:0:0:0:0:0:0:1 - - [23/nov./2016:15:23:58 +0000] "POST //localhost:8092/my-security/oauth/token?grant_type=password&client_id=test&client_secret=test&username=user&password=password HTTP/1.1" 200 178 "-" "Mozilla/5.0 (Macintosh; Intel Mac OS X 10_11_5) AppleWebKit/537.36 (KHTML, like Gecko) Chrome/54.0.2840.98 Safari/537.36" 73
0:0:0:0:0:0:0:1 - - [23/nov./2016:15:24:10 +0000] "POST //localhost:8092/my-security//oauth/check_token?token=add57caa-76c4-4dc5-9fd4-5574372b1eda HTTP/1.1" 400 72 "-" "Mozilla/5.0 (Macintosh; Intel Mac OS X 10_11_5) AppleWebKit/537.36 (KHTML, like Gecko) Chrome/54.0.2840.98 Safari/537.36" 15
0:0:0:0:0:0:0:1 - - [23/nov./2016:15:24:16 +0000] "POST //localhost:8092/my-security//oauth/check_token?token=93bc8657-57a9-45b2-b2de-13d1483494d0 HTTP/1.1" 400 72 "-" "Mozilla/5.0 (Macintosh; Intel Mac OS X 10_11_5) AppleWebKit/537.36 (KHTML, like Gecko) Chrome/54.0.2840.98 Safari/537.36" 7
0:0:0:0:0:0:0:1 - - [23/nov./2016:15:24:16 +0000] "POST //localhost:8092/my-security//oauth/check_token?token=93bc8657-57a9-45b2-b2de-13d1483494d0 HTTP/1.1" 400 72 "-" "Mozilla/5.0 (Macintosh; Intel Mac OS X 10_11_5) AppleWebKit/537.36 (KHTML, like Gecko) Chrome/54.0.2840.98 Safari/537.36" 5
0:0:0:0:0:0:0:1 - - [23/nov./2016:15:24:17 +0000] "POST //localhost:8092/my-security//oauth/check_token?token=93bc8657-57a9-45b2-b2de-13d1483494d0 HTTP/1.1" 400 72 "-" "Mozilla/5.0 (Macintosh; Intel Mac OS X 10_11_5) AppleWebKit/537.36 (KHTML, like Gecko) Chrome/54.0.2840.98 Safari/537.36" 4
0:0:0:0:0:0:0:1 - - [23/nov./2016:15:24:17 +0000] "POST //localhost:8092/my-security//oauth/check_token?token=93bc8657-57a9-45b2-b2de-13d1483494d0 HTTP/1.1" 400 72 "-" "Mozilla/5.0 (Macintosh; Intel Mac OS X 10_11_5) AppleWebKit/537.36 (KHTML, like Gecko) Chrome/54.0.2840.98 Safari/537.36" 7
0:0:0:0:0:0:0:1 - - [23/nov./2016:15:24:17 +0000] "POST //localhost:8092/my-security//oauth/check_token?token=93bc8657-57a9-45b2-b2de-13d1483494d0 HTTP/1.1" 400 72 "-" "Mozilla/5.0 (Macintosh; Intel Mac OS X 10_11_5) AppleWebKit/537.36 (KHTML, like Gecko) Chrome/54.0.2840.98 Safari/537.36" 6
0:0:0:0:0:0:0:1 - - [23/nov./2016:15:24:20 +0000] "POST //localhost:8092/my-security/oauth/check_token?token=93bc8657-57a9-45b2-b2de-13d1483494d0 HTTP/1.1" 400 72 "-" "Mozilla/5.0 (Macintosh; Intel Mac OS X 10_11_5) AppleWebKit/537.36 (KHTML, like Gecko) Chrome/54.0.2840.98 Safari/537.36" 5
0:0:0:0:0:0:0:1 - - [23/nov./2016:15:24:53 +0000] "POST //localhost:8092/my-security/oauth/check_token?token=93bc8657-57a9-45b2-b2de-13d1483494d0 HTTP/1.1" 401 0 "-" "Mozilla/5.0 (Macintosh; Intel Mac OS X 10_11_5) AppleWebKit/537.36 (KHTML, like Gecko) Chrome/54.0.2840.98 Safari/537.36" 1
0:0:0:0:0:0:0:1 - - [23/nov./2016:15:24:55 +0000] "POST //localhost:8092/my-security/oauth/check_token?token=93bc8657-57a9-45b2-b2de-13d1483494d0 HTTP/1.1" 401 0 "-" "Mozilla/5.0 (Macintosh; Intel Mac OS X 10_11_5) AppleWebKit/537.36 (KHTML, like Gecko) Chrome/54.0.2840.98 Safari/537.36" 1
0:0:0:0:0:0:0:1 - - [23/nov./2016:15:25:01 +0000] "POST //localhost:8092/my-security/oauth/check_token?token=93bc8657-57a9-45b2-b2de-13d1483494d0 HTTP/1.1" 401 0 "-" "Mozilla/5.0 (Macintosh; Intel Mac OS X 10_11_5) AppleWebKit/537.36 (KHTML, like Gecko) Chrome/54.0.2840.98 Safari/537.36" 2
0:0:0:0:0:0:0:1 - - [23/nov./2016:15:25:04 +0000] "POST //localhost:8092/my-security/oauth/check_token?token=93bc8657-57a9-45b2-b2de-13d1483494d0 HTTP/1.1" 401 0 "-" "Mozilla/5.0 (Macintosh; Intel Mac OS X 10_11_5) AppleWebKit/537.36 (KHTML, like Gecko) Chrome/54.0.2840.98 Safari/537.36" 2
0:0:0:0:0:0:0:1 - - [23/nov./2016:15:25:07 +0000] "POST //localhost:8092/my-security/oauth/check_token?token=93bc8657-57a9-45b2-b2de-13d1483494d0 HTTP/1.1" 401 102 "-" "Mozilla/5.0 (Macintosh; Intel Mac OS X 10_11_5) AppleWebKit/537.36 (KHTML, like Gecko) Chrome/54.0.2840.98 Safari/537.36" 3
0:0:0:0:0:0:0:1 - - [23/nov./2016:15:25:09 +0000] "POST //localhost:8092/my-security/oauth/check_token?token=93bc8657-57a9-45b2-b2de-13d1483494d0 HTTP/1.1" 400 72 "-" "Mozilla/5.0 (Macintosh; Intel Mac OS X 10_11_5) AppleWebKit/537.36 (KHTML, like Gecko) Chrome/54.0.2840.98 Safari/537.36" 5
0:0:0:0:0:0:0:1 - - [23/nov./2016:15:25:15 +0000] "POST //localhost:8092/oauth/token HTTP/1.1" 404 0 "-" "Mozilla/5.0 (Macintosh; Intel Mac OS X 10_11_5) AppleWebKit/537.36 (KHTML, like Gecko) Chrome/54.0.2840.98 Safari/537.36" 0
0:0:0:0:0:0:0:1 - - [23/nov./2016:15:25:27 +0000] "POST //localhost:8092/my-security/oauth/token HTTP/1.1" 200 123 "-" "Mozilla/5.0 (Macintosh; Intel Mac OS X 10_11_5) AppleWebKit/537.36 (KHTML, like Gecko) Chrome/54.0.2840.98 Safari/537.36" 11
0:0:0:0:0:0:0:1 - - [23/nov./2016:15:25:36 +0000] "POST //localhost:8092/my-security/oauth/check_token?token=b781376f-e0b3-4dfc-9c6a-1b4e439db271 HTTP/1.1" 200 71 "-" "Mozilla/5.0 (Macintosh; Intel Mac OS X 10_11_5) AppleWebKit/537.36 (KHTML, like Gecko) Chrome/54.0.2840.98 Safari/537.36" 26
0:0:0:0:0:0:0:1 - - [23/nov./2016:15:25:37 +0000] "POST //localhost:8092/my-security/oauth/check_token?token=b781376f-e0b3-4dfc-9c6a-1b4e439db271 HTTP/1.1" 200 71 "-" "Mozilla/5.0 (Macintosh; Intel Mac OS X 10_11_5) AppleWebKit/537.36 (KHTML, like Gecko) Chrome/54.0.2840.98 Safari/537.36" 10
0:0:0:0:0:0:0:1 - - [23/nov./2016:15:26:26 +0000] "POST //localhost:8092/my-security/oauth/check_token?token=b781376f-e0b3-4dfc-9c6a-1b4e439db271 HTTP/1.1" 200 71 "-" "Mozilla/5.0 (Macintosh; Intel Mac OS X 10_11_5) AppleWebKit/537.36 (KHTML, like Gecko) Chrome/54.0.2840.98 Safari/537.36" 8
0:0:0:0:0:0:0:1 - - [23/nov./2016:15:27:05 +0000] "POST //localhost:8092/my-security/oauth/check_token?token=b781376f-e0b3-4dfc-9c6a-1b4e439db271 HTTP/1.1" 200 71 "-" "Mozilla/5.0 (Macintosh; Intel Mac OS X 10_11_5) AppleWebKit/537.36 (KHTML, like Gecko) Chrome/54.0.2840.98 Safari/537.36" 9
0:0:0:0:0:0:0:1 - - [23/nov./2016:15:27:05 +0000] "POST //localhost:8092/my-security/oauth/check_token?token=b781376f-e0b3-4dfc-9c6a-1b4e439db271 HTTP/1.1" 200 71 "-" "Mozilla/5.0 (Macintosh; Intel Mac OS X 10_11_5) AppleWebKit/537.36 (KHTML, like Gecko) Chrome/54.0.2840.98 Safari/537.36" 9
0:0:0:0:0:0:0:1 - - [23/nov./2016:15:27:05 +0000] "POST //localhost:8092/my-security/oauth/check_token?token=b781376f-e0b3-4dfc-9c6a-1b4e439db271 HTTP/1.1" 200 71 "-" "Mozilla/5.0 (Macintosh; Intel Mac OS X 10_11_5) AppleWebKit/537.36 (KHTML, like Gecko) Chrome/54.0.2840.98 Safari/537.36" 10
0:0:0:0:0:0:0:1 - - [23/nov./2016:15:27:05 +0000] "POST //localhost:8092/my-security/oauth/check_token?token=b781376f-e0b3-4dfc-9c6a-1b4e439db271 HTTP/1.1" 200 71 "-" "Mozilla/5.0 (Macintosh; Intel Mac OS X 10_11_5) AppleWebKit/537.36 (KHTML, like Gecko) Chrome/54.0.2840.98 Safari/537.36" 9
0:0:0:0:0:0:0:1 - - [23/nov./2016:15:27:06 +0000] "POST //localhost:8092/my-security/oauth/check_token?token=b781376f-e0b3-4dfc-9c6a-1b4e439db271 HTTP/1.1" 200 71 "-" "Mozilla/5.0 (Macintosh; Intel Mac OS X 10_11_5) AppleWebKit/537.36 (KHTML, like Gecko) Chrome/54.0.2840.98 Safari/537.36" 14
0:0:0:0:0:0:0:1 - - [23/nov./2016:15:27:21 +0000] "POST //localhost:8092/my-security/oauth/check_token?token=b781376f-e0b3-4dfc-9c6a-1b4e439db271 HTTP/1.1" 200 71 "-" "curl/7.43.0" 8
0:0:0:0:0:0:0:1 - - [23/nov./2016:15:27:24 +0000] "POST //localhost:8092/my-security/oauth/check_token?token=b781376f-e0b3-4dfc-9c6a-1b4e439db271 HTTP/1.1" 401 0 "-" "curl/7.43.0" 1
0:0:0:0:0:0:0:1 - - [23/nov./2016:15:27:31 +0000] "POST //localhost:8092/my-security/oauth/check_token?token=b781376f-e0b3-4dfc-9c6a-1b4e439db271 HTTP/1.1" 401 0 "-" "curl/7.43.0" 1
0:0:0:0:0:0:0:1 - - [23/nov./2016:15:34:02 +0000] "GET //localhost:8092/my-security/oauth/authorize?response_type=code&client_id=test&redirect_uri=http://localhost:8080/demo/* HTTP/1.1" 302 0 "-" "Mozilla/5.0 (Macintosh; Intel Mac OS X 10_11_5) AppleWebKit/537.36 (KHTML, like Gecko) Chrome/54.0.2840.98 Safari/537.36" 139
0:0:0:0:0:0:0:1 - - [23/nov./2016:15:34:02 +0000] "GET //localhost:8092/my-security/login HTTP/1.1" 200 536 "-" "Mozilla/5.0 (Macintosh; Intel Mac OS X 10_11_5) AppleWebKit/537.36 (KHTML, like Gecko) Chrome/54.0.2840.98 Safari/537.36" 300
0:0:0:0:0:0:0:1 - - [23/nov./2016:15:34:06 +0000] "POST //localhost:8092/my-security/login HTTP/1.1" 302 0 "http://localhost:8092/my-security/login" "Mozilla/5.0 (Macintosh; Intel Mac OS X 10_11_5) AppleWebKit/537.36 (KHTML, like Gecko) Chrome/54.0.2840.98 Safari/537.36" 136473
0:0:0:0:0:0:0:1 - - [23/nov./2016:15:36:22 +0000] "GET //localhost:8092/my-security/login?error HTTP/1.1" 200 536 "http://localhost:8092/my-security/login" "Mozilla/5.0 (Macintosh; Intel Mac OS X 10_11_5) AppleWebKit/537.36 (KHTML, like Gecko) Chrome/54.0.2840.98 Safari/537.36" 5
0:0:0:0:0:0:0:1 - - [23/nov./2016:15:36:27 +0000] "POST //localhost:8092/my-security/login HTTP/1.1" 302 0 "http://localhost:8092/my-security/login?error" "Mozilla/5.0 (Macintosh; Intel Mac OS X 10_11_5) AppleWebKit/537.36 (KHTML, like Gecko) Chrome/54.0.2840.98 Safari/537.36" 153075
0:0:0:0:0:0:0:1 - - [23/nov./2016:15:39:00 +0000] "GET //localhost:8092/my-security/login?error HTTP/1.1" 200 536 "http://localhost:8092/my-security/login?error" "Mozilla/5.0 (Macintosh; Intel Mac OS X 10_11_5) AppleWebKit/537.36 (KHTML, like Gecko) Chrome/54.0.2840.98 Safari/537.36" 4
0:0:0:0:0:0:0:1 - - [23/nov./2016:16:47:51 +0000] "POST //localhost:8092/my-security/oauth/token?grant_type=password&client_id=test&client_secret=test&username=user&password=password HTTP/1.1" 200 178 "-" "Mozilla/5.0 (Macintosh; Intel Mac OS X 10_11_5) AppleWebKit/537.36 (KHTML, like Gecko) Chrome/54.0.2840.98 Safari/537.36" 2559
0:0:0:0:0:0:0:1 - - [23/nov./2016:16:48:02 +0000] "POST //localhost:8092/my-security/oauth/token HTTP/1.1" 200 123 "-" "Mozilla/5.0 (Macintosh; Intel Mac OS X 10_11_5) AppleWebKit/537.36 (KHTML, like Gecko) Chrome/54.0.2840.98 Safari/537.36" 17
0:0:0:0:0:0:0:1 - - [23/nov./2016:16:49:39 +0000] "POST //localhost:8092/my-security/oauth/token?grant_type=password&client_id=test&client_secret=test&username=user&password=password HTTP/1.1" 200 178 "-" "Mozilla/5.0 (Macintosh; Intel Mac OS X 10_11_5) AppleWebKit/537.36 (KHTML, like Gecko) Chrome/54.0.2840.98 Safari/537.36" 17
0:0:0:0:0:0:0:1 - - [23/nov./2016:16:49:44 +0000] "POST //localhost:8092/my-security/oauth/token HTTP/1.1" 200 123 "-" "Mozilla/5.0 (Macintosh; Intel Mac OS X 10_11_5) AppleWebKit/537.36 (KHTML, like Gecko) Chrome/54.0.2840.98 Safari/537.36" 15
0:0:0:0:0:0:0:1 - - [23/nov./2016:16:49:50 +0000] "POST //localhost:8092/my-security/oauth/check_token?token=dfe2b655-097f-41a2-b8e0-e5e8dfbc73b2 HTTP/1.1" 200 118 "-" "Mozilla/5.0 (Macintosh; Intel Mac OS X 10_11_5) AppleWebKit/537.36 (KHTML, like Gecko) Chrome/54.0.2840.98 Safari/537.36" 31
0:0:0:0:0:0:0:1 - - [23/nov./2016:16:52:49 +0000] "POST //localhost:8092/my-security/oauth/check_token?token=dfe2b655-097f-41a2-b8e0-e5e8dfbc73b2 HTTP/1.1" 200 118 "-" "Mozilla/5.0 (Macintosh; Intel Mac OS X 10_11_5) AppleWebKit/537.36 (KHTML, like Gecko) Chrome/54.0.2840.98 Safari/537.36" 72985
0:0:0:0:0:0:0:1 - - [23/nov./2016:16:54:04 +0000] "POST //localhost:8092/my-security/oauth/check_token?token=dfe2b655-097f-41a2-b8e0-e5e8dfbc73b2 HTTP/1.1" 200 118 "-" "Mozilla/5.0 (Macintosh; Intel Mac OS X 10_11_5) AppleWebKit/537.36 (KHTML, like Gecko) Chrome/54.0.2840.98 Safari/537.36" 4619
0:0:0:0:0:0:0:1 - - [23/nov./2016:17:04:27 +0000] "POST //localhost:8092/my-security/oauth/check_token?token=dfe2b655-097f-41a2-b8e0-e5e8dfbc73b2 HTTP/1.1" 200 118 "-" "Mozilla/5.0 (Macintosh; Intel Mac OS X 10_11_5) AppleWebKit/537.36 (KHTML, like Gecko) Chrome/54.0.2840.98 Safari/537.36" 76931
0:0:0:0:0:0:0:1 - - [24/nov./2016:10:10:37 +0000] "POST //localhost:8092/my-security/oauth/check_token?token=93bc8657-57a9-45b2-b2de-13d1483494d0 HTTP/1.1" 401 102 "-" "Mozilla/5.0 (Macintosh; Intel Mac OS X 10_11_5) AppleWebKit/537.36 (KHTML, like Gecko) Chrome/54.0.2840.98 Safari/537.36" 79
0:0:0:0:0:0:0:1 - - [24/nov./2016:10:10:40 +0000] "POST //localhost:8092/my-security/oauth/check_token?token=93bc8657-57a9-45b2-b2de-13d1483494d0 HTTP/1.1" 400 72 "-" "Mozilla/5.0 (Macintosh; Intel Mac OS X 10_11_5) AppleWebKit/537.36 (KHTML, like Gecko) Chrome/54.0.2840.98 Safari/537.36" 64
0:0:0:0:0:0:0:1 - - [24/nov./2016:10:10:45 +0000] "POST //localhost:8092/my-security/oauth/token?grant_type=password&client_id=test&client_secret=test&username=user&password=password HTTP/1.1" 200 178 "-" "Mozilla/5.0 (Macintosh; Intel Mac OS X 10_11_5) AppleWebKit/537.36 (KHTML, like Gecko) Chrome/54.0.2840.98 Safari/537.36" 2308
0:0:0:0:0:0:0:1 - - [24/nov./2016:10:11:01 +0000] "POST //localhost:8092/my-security/oauth/check_token?token=e0dafaa6-9794-4545-8937-e2bd787f6250 HTTP/1.1" 200 118 "-" "Mozilla/5.0 (Macintosh; Intel Mac OS X 10_11_5) AppleWebKit/537.36 (KHTML, like Gecko) Chrome/54.0.2840.98 Safari/537.36" 1751
