0:0:0:0:0:0:0:1 - - [21/nov./2016:20:21:03 +0000] "POST //localhost:8092/my-security/oauth/token?grant_type=client_credentials HTTP/1.1" 401 0 "-" "curl/7.43.0" 19
0:0:0:0:0:0:0:1 - - [21/nov./2016:20:21:08 +0000] "POST //localhost:8092/my-security/oauth/token?grant_type=client_credentials HTTP/1.1" 401 0 "-" "curl/7.43.0" 1
0:0:0:0:0:0:0:1 - - [21/nov./2016:20:41:59 +0000] "POST //localhost:8092/my-security/oauth/token?grant_type=client_credentials HTTP/1.1" 400 127 "-" "curl/7.43.0" 161
0:0:0:0:0:0:0:1 - - [21/nov./2016:20:45:18 +0000] "POST //localhost:8092/my-security/oauth/token?grant_type=client_credentials HTTP/1.1" 200 123 "-" "curl/7.43.0" 236
0:0:0:0:0:0:0:1 - - [21/nov./2016:20:56:08 +0000] "POST //localhost:8092/my-security/oauth/token?grant_type=client_credentials HTTP/1.1" 200 123 "-" "curl/7.43.0" 223
0:0:0:0:0:0:0:1 - - [21/nov./2016:20:56:09 +0000] "POST //localhost:8092/my-security/oauth/token?grant_type=client_credentials HTTP/1.1" 200 123 "-" "curl/7.43.0" 16
0:0:0:0:0:0:0:1 - - [21/nov./2016:20:56:10 +0000] "POST //localhost:8092/my-security/oauth/token?grant_type=client_credentials HTTP/1.1" 200 123 "-" "curl/7.43.0" 13
0:0:0:0:0:0:0:1 - - [21/nov./2016:20:56:10 +0000] "POST //localhost:8092/my-security/oauth/token?grant_type=client_credentials HTTP/1.1" 200 123 "-" "curl/7.43.0" 11
0:0:0:0:0:0:0:1 - - [21/nov./2016:20:56:11 +0000] "POST //localhost:8092/my-security/oauth/token?grant_type=client_credentials HTTP/1.1" 200 123 "-" "curl/7.43.0" 11
0:0:0:0:0:0:0:1 - - [21/nov./2016:20:56:11 +0000] "POST //localhost:8092/my-security/oauth/token?grant_type=client_credentials HTTP/1.1" 200 123 "-" "curl/7.43.0" 10
0:0:0:0:0:0:0:1 - - [21/nov./2016:20:56:12 +0000] "POST //localhost:8092/my-security/oauth/token?grant_type=client_credentials HTTP/1.1" 200 123 "-" "curl/7.43.0" 10
0:0:0:0:0:0:0:1 - - [21/nov./2016:20:56:13 +0000] "POST //localhost:8092/my-security/oauth/token?grant_type=client_credentials HTTP/1.1" 200 123 "-" "curl/7.43.0" 15
0:0:0:0:0:0:0:1 - - [21/nov./2016:20:56:14 +0000] "POST //localhost:8092/my-security/oauth/token?grant_type=client_credentials HTTP/1.1" 200 123 "-" "curl/7.43.0" 10
0:0:0:0:0:0:0:1 - - [21/nov./2016:20:56:14 +0000] "POST //localhost:8092/my-security/oauth/token?grant_type=client_credentials HTTP/1.1" 200 123 "-" "curl/7.43.0" 9
0:0:0:0:0:0:0:1 - - [21/nov./2016:20:56:15 +0000] "POST //localhost:8092/my-security/oauth/token?grant_type=client_credentials HTTP/1.1" 200 123 "-" "curl/7.43.0" 9
0:0:0:0:0:0:0:1 - - [21/nov./2016:20:56:16 +0000] "POST //localhost:8092/my-security/oauth/token?grant_type=client_credentials HTTP/1.1" 200 123 "-" "curl/7.43.0" 10
0:0:0:0:0:0:0:1 - - [21/nov./2016:21:17:38 +0000] "POST //localhost:8092/my-security/oauth/token?grant_type=client_credentials HTTP/1.1" 200 123 "-" "curl/7.43.0" 229
0:0:0:0:0:0:0:1 - - [21/nov./2016:21:17:56 +0000] "POST //localhost:8092//oauth/token HTTP/1.1" 404 0 "-" "Mozilla/5.0 (Macintosh; Intel Mac OS X 10_11_5) AppleWebKit/537.36 (KHTML, like Gecko) Chrome/54.0.2840.98 Safari/537.36" 2
0:0:0:0:0:0:0:1 - - [21/nov./2016:21:18:09 +0000] "POST //localhost:8092//my-security/oauth/token HTTP/1.1" 404 0 "-" "Mozilla/5.0 (Macintosh; Intel Mac OS X 10_11_5) AppleWebKit/537.36 (KHTML, like Gecko) Chrome/54.0.2840.98 Safari/537.36" 1
0:0:0:0:0:0:0:1 - - [21/nov./2016:21:18:10 +0000] "POST //localhost:8092//my-security/oauth/token HTTP/1.1" 404 0 "-" "Mozilla/5.0 (Macintosh; Intel Mac OS X 10_11_5) AppleWebKit/537.36 (KHTML, like Gecko) Chrome/54.0.2840.98 Safari/537.36" 1
0:0:0:0:0:0:0:1 - - [21/nov./2016:21:18:10 +0000] "POST //localhost:8092//my-security/oauth/token HTTP/1.1" 404 0 "-" "Mozilla/5.0 (Macintosh; Intel Mac OS X 10_11_5) AppleWebKit/537.36 (KHTML, like Gecko) Chrome/54.0.2840.98 Safari/537.36" 0
0:0:0:0:0:0:0:1 - - [21/nov./2016:21:18:10 +0000] "POST //localhost:8092//my-security/oauth/token HTTP/1.1" 404 0 "-" "Mozilla/5.0 (Macintosh; Intel Mac OS X 10_11_5) AppleWebKit/537.36 (KHTML, like Gecko) Chrome/54.0.2840.98 Safari/537.36" 1
0:0:0:0:0:0:0:1 - - [21/nov./2016:21:18:10 +0000] "POST //localhost:8092//my-security/oauth/token HTTP/1.1" 404 0 "-" "Mozilla/5.0 (Macintosh; Intel Mac OS X 10_11_5) AppleWebKit/537.36 (KHTML, like Gecko) Chrome/54.0.2840.98 Safari/537.36" 1
0:0:0:0:0:0:0:1 - - [21/nov./2016:21:18:10 +0000] "POST //localhost:8092//my-security/oauth/token HTTP/1.1" 404 0 "-" "Mozilla/5.0 (Macintosh; Intel Mac OS X 10_11_5) AppleWebKit/537.36 (KHTML, like Gecko) Chrome/54.0.2840.98 Safari/537.36" 0
0:0:0:0:0:0:0:1 - - [21/nov./2016:21:18:30 +0000] "POST //localhost:8092//my-security/oauth/token HTTP/1.1" 404 0 "-" "Mozilla/5.0 (Macintosh; Intel Mac OS X 10_11_5) AppleWebKit/537.36 (KHTML, like Gecko) Chrome/54.0.2840.98 Safari/537.36" 0
0:0:0:0:0:0:0:1 - - [21/nov./2016:21:18:31 +0000] "POST //localhost:8092//my-security/oauth/token HTTP/1.1" 404 0 "-" "Mozilla/5.0 (Macintosh; Intel Mac OS X 10_11_5) AppleWebKit/537.36 (KHTML, like Gecko) Chrome/54.0.2840.98 Safari/537.36" 0
0:0:0:0:0:0:0:1 - - [21/nov./2016:21:18:31 +0000] "POST //localhost:8092//my-security/oauth/token HTTP/1.1" 404 0 "-" "Mozilla/5.0 (Macintosh; Intel Mac OS X 10_11_5) AppleWebKit/537.36 (KHTML, like Gecko) Chrome/54.0.2840.98 Safari/537.36" 0
0:0:0:0:0:0:0:1 - - [21/nov./2016:21:18:31 +0000] "POST //localhost:8092//my-security/oauth/token HTTP/1.1" 404 0 "-" "Mozilla/5.0 (Macintosh; Intel Mac OS X 10_11_5) AppleWebKit/537.36 (KHTML, like Gecko) Chrome/54.0.2840.98 Safari/537.36" 0
0:0:0:0:0:0:0:1 - - [21/nov./2016:21:18:31 +0000] "POST //localhost:8092//my-security/oauth/token HTTP/1.1" 404 0 "-" "Mozilla/5.0 (Macintosh; Intel Mac OS X 10_11_5) AppleWebKit/537.36 (KHTML, like Gecko) Chrome/54.0.2840.98 Safari/537.36" 0
0:0:0:0:0:0:0:1 - - [21/nov./2016:21:18:31 +0000] "POST //localhost:8092//my-security/oauth/token HTTP/1.1" 404 0 "-" "Mozilla/5.0 (Macintosh; Intel Mac OS X 10_11_5) AppleWebKit/537.36 (KHTML, like Gecko) Chrome/54.0.2840.98 Safari/537.36" 0
0:0:0:0:0:0:0:1 - - [21/nov./2016:21:18:50 +0000] "POST //localhost:8092/my-security/oauth/token HTTP/1.1" 401 102 "-" "Mozilla/5.0 (Macintosh; Intel Mac OS X 10_11_5) AppleWebKit/537.36 (KHTML, like Gecko) Chrome/54.0.2840.98 Safari/537.36" 13
0:0:0:0:0:0:0:1 - - [21/nov./2016:21:18:53 +0000] "POST //localhost:8092/my-security/oauth/token HTTP/1.1" 200 123 "-" "Mozilla/5.0 (Macintosh; Intel Mac OS X 10_11_5) AppleWebKit/537.36 (KHTML, like Gecko) Chrome/54.0.2840.98 Safari/537.36" 25
0:0:0:0:0:0:0:1 - - [21/nov./2016:21:19:13 +0000] "POST //localhost:8092/my-security/oauth/check_token?token=c795b619-625b-4781-80b7-0f9701005f80 HTTP/1.1" 200 71 "-" "Mozilla/5.0 (Macintosh; Intel Mac OS X 10_11_5) AppleWebKit/537.36 (KHTML, like Gecko) Chrome/54.0.2840.98 Safari/537.36" 26
0:0:0:0:0:0:0:1 - - [21/nov./2016:21:19:15 +0000] "POST //localhost:8092/my-security/oauth/check_token?token=c795b619-625b-4781-80b7-0f9701005f80 HTTP/1.1" 200 71 "-" "Mozilla/5.0 (Macintosh; Intel Mac OS X 10_11_5) AppleWebKit/537.36 (KHTML, like Gecko) Chrome/54.0.2840.98 Safari/537.36" 10
0:0:0:0:0:0:0:1 - - [21/nov./2016:21:19:15 +0000] "POST //localhost:8092/my-security/oauth/check_token?token=c795b619-625b-4781-80b7-0f9701005f80 HTTP/1.1" 200 71 "-" "Mozilla/5.0 (Macintosh; Intel Mac OS X 10_11_5) AppleWebKit/537.36 (KHTML, like Gecko) Chrome/54.0.2840.98 Safari/537.36" 9
0:0:0:0:0:0:0:1 - - [21/nov./2016:21:19:15 +0000] "POST //localhost:8092/my-security/oauth/check_token?token=c795b619-625b-4781-80b7-0f9701005f80 HTTP/1.1" 200 71 "-" "Mozilla/5.0 (Macintosh; Intel Mac OS X 10_11_5) AppleWebKit/537.36 (KHTML, like Gecko) Chrome/54.0.2840.98 Safari/537.36" 9
0:0:0:0:0:0:0:1 - - [21/nov./2016:21:19:15 +0000] "POST //localhost:8092/my-security/oauth/check_token?token=c795b619-625b-4781-80b7-0f9701005f80 HTTP/1.1" 200 71 "-" "Mozilla/5.0 (Macintosh; Intel Mac OS X 10_11_5) AppleWebKit/537.36 (KHTML, like Gecko) Chrome/54.0.2840.98 Safari/537.36" 8
0:0:0:0:0:0:0:1 - - [21/nov./2016:21:19:16 +0000] "POST //localhost:8092/my-security/oauth/check_token?token=c795b619-625b-4781-80b7-0f9701005f80 HTTP/1.1" 200 71 "-" "Mozilla/5.0 (Macintosh; Intel Mac OS X 10_11_5) AppleWebKit/537.36 (KHTML, like Gecko) Chrome/54.0.2840.98 Safari/537.36" 8
0:0:0:0:0:0:0:1 - - [21/nov./2016:21:19:16 +0000] "POST //localhost:8092/my-security/oauth/check_token?token=c795b619-625b-4781-80b7-0f9701005f80 HTTP/1.1" 200 71 "-" "Mozilla/5.0 (Macintosh; Intel Mac OS X 10_11_5) AppleWebKit/537.36 (KHTML, like Gecko) Chrome/54.0.2840.98 Safari/537.36" 9
0:0:0:0:0:0:0:1 - - [21/nov./2016:21:19:16 +0000] "POST //localhost:8092/my-security/oauth/check_token?token=c795b619-625b-4781-80b7-0f9701005f80 HTTP/1.1" 200 71 "-" "Mozilla/5.0 (Macintosh; Intel Mac OS X 10_11_5) AppleWebKit/537.36 (KHTML, like Gecko) Chrome/54.0.2840.98 Safari/537.36" 8
0:0:0:0:0:0:0:1 - - [21/nov./2016:21:19:30 +0000] "POST //localhost:8092/my-security/oauth/token?grant_type=password&client_id=test&client_secret=test&username=user&password=password HTTP/1.1" 200 178 "-" "Mozilla/5.0 (Macintosh; Intel Mac OS X 10_11_5) AppleWebKit/537.36 (KHTML, like Gecko) Chrome/54.0.2840.98 Safari/537.36" 14
0:0:0:0:0:0:0:1 - - [21/nov./2016:21:19:31 +0000] "POST //localhost:8092/my-security/oauth/token?grant_type=password&client_id=test&client_secret=test&username=user&password=password HTTP/1.1" 200 178 "-" "Mozilla/5.0 (Macintosh; Intel Mac OS X 10_11_5) AppleWebKit/537.36 (KHTML, like Gecko) Chrome/54.0.2840.98 Safari/537.36" 12
0:0:0:0:0:0:0:1 - - [21/nov./2016:21:19:31 +0000] "POST //localhost:8092/my-security/oauth/token?grant_type=password&client_id=test&client_secret=test&username=user&password=password HTTP/1.1" 200 178 "-" "Mozilla/5.0 (Macintosh; Intel Mac OS X 10_11_5) AppleWebKit/537.36 (KHTML, like Gecko) Chrome/54.0.2840.98 Safari/537.36" 12
0:0:0:0:0:0:0:1 - - [21/nov./2016:21:19:32 +0000] "POST //localhost:8092/my-security/oauth/token?grant_type=password&client_id=test&client_secret=test&username=user&password=password HTTP/1.1" 200 178 "-" "Mozilla/5.0 (Macintosh; Intel Mac OS X 10_11_5) AppleWebKit/537.36 (KHTML, like Gecko) Chrome/54.0.2840.98 Safari/537.36" 13
0:0:0:0:0:0:0:1 - - [21/nov./2016:21:19:32 +0000] "POST //localhost:8092/my-security/oauth/token?grant_type=password&client_id=test&client_secret=test&username=user&password=password HTTP/1.1" 200 178 "-" "Mozilla/5.0 (Macintosh; Intel Mac OS X 10_11_5) AppleWebKit/537.36 (KHTML, like Gecko) Chrome/54.0.2840.98 Safari/537.36" 11
0:0:0:0:0:0:0:1 - - [21/nov./2016:21:19:32 +0000] "POST //localhost:8092/my-security/oauth/token?grant_type=password&client_id=test&client_secret=test&username=user&password=password HTTP/1.1" 200 178 "-" "Mozilla/5.0 (Macintosh; Intel Mac OS X 10_11_5) AppleWebKit/537.36 (KHTML, like Gecko) Chrome/54.0.2840.98 Safari/537.36" 17
0:0:0:0:0:0:0:1 - - [21/nov./2016:21:19:32 +0000] "POST //localhost:8092/my-security/oauth/token?grant_type=password&client_id=test&client_secret=test&username=user&password=password HTTP/1.1" 200 178 "-" "Mozilla/5.0 (Macintosh; Intel Mac OS X 10_11_5) AppleWebKit/537.36 (KHTML, like Gecko) Chrome/54.0.2840.98 Safari/537.36" 13
0:0:0:0:0:0:0:1 - - [21/nov./2016:21:19:32 +0000] "POST //localhost:8092/my-security/oauth/token?grant_type=password&client_id=test&client_secret=test&username=user&password=password HTTP/1.1" 200 178 "-" "Mozilla/5.0 (Macintosh; Intel Mac OS X 10_11_5) AppleWebKit/537.36 (KHTML, like Gecko) Chrome/54.0.2840.98 Safari/537.36" 15
0:0:0:0:0:0:0:1 - - [21/nov./2016:21:19:32 +0000] "POST //localhost:8092/my-security/oauth/token?grant_type=password&client_id=test&client_secret=test&username=user&password=password HTTP/1.1" 200 178 "-" "Mozilla/5.0 (Macintosh; Intel Mac OS X 10_11_5) AppleWebKit/537.36 (KHTML, like Gecko) Chrome/54.0.2840.98 Safari/537.36" 14
0:0:0:0:0:0:0:1 - - [21/nov./2016:21:19:36 +0000] "POST //localhost:8092/my-security/oauth/token?grant_type=password&client_id=test&client_secret=test&username=sdsd&password=password HTTP/1.1" 400 63 "-" "Mozilla/5.0 (Macintosh; Intel Mac OS X 10_11_5) AppleWebKit/537.36 (KHTML, like Gecko) Chrome/54.0.2840.98 Safari/537.36" 14
0:0:0:0:0:0:0:1 - - [21/nov./2016:21:19:37 +0000] "POST //localhost:8092/my-security/oauth/token?grant_type=password&client_id=test&client_secret=test&username=sdsd&password=password HTTP/1.1" 400 63 "-" "Mozilla/5.0 (Macintosh; Intel Mac OS X 10_11_5) AppleWebKit/537.36 (KHTML, like Gecko) Chrome/54.0.2840.98 Safari/537.36" 4
0:0:0:0:0:0:0:1 - - [21/nov./2016:21:19:37 +0000] "POST //localhost:8092/my-security/oauth/token?grant_type=password&client_id=test&client_secret=test&username=sdsd&password=password HTTP/1.1" 400 63 "-" "Mozilla/5.0 (Macintosh; Intel Mac OS X 10_11_5) AppleWebKit/537.36 (KHTML, like Gecko) Chrome/54.0.2840.98 Safari/537.36" 4
0:0:0:0:0:0:0:1 - - [21/nov./2016:21:19:37 +0000] "POST //localhost:8092/my-security/oauth/token?grant_type=password&client_id=test&client_secret=test&username=sdsd&password=password HTTP/1.1" 400 63 "-" "Mozilla/5.0 (Macintosh; Intel Mac OS X 10_11_5) AppleWebKit/537.36 (KHTML, like Gecko) Chrome/54.0.2840.98 Safari/537.36" 6
0:0:0:0:0:0:0:1 - - [21/nov./2016:21:19:39 +0000] "POST //localhost:8092/my-security/oauth/token?grant_type=password&client_id=dtest&client_secret=test&username=sdsd&password=password HTTP/1.1" 401 100 "-" "Mozilla/5.0 (Macintosh; Intel Mac OS X 10_11_5) AppleWebKit/537.36 (KHTML, like Gecko) Chrome/54.0.2840.98 Safari/537.36" 4
0:0:0:0:0:0:0:1 - - [21/nov./2016:21:19:45 +0000] "POST //localhost:8092/my-security/oauth/token?grant_type=password&client_id=dtest&client_secret=test&username=user&password=password HTTP/1.1" 401 102 "-" "Mozilla/5.0 (Macintosh; Intel Mac OS X 10_11_5) AppleWebKit/537.36 (KHTML, like Gecko) Chrome/54.0.2840.98 Safari/537.36" 3
0:0:0:0:0:0:0:1 - - [21/nov./2016:21:19:47 +0000] "POST //localhost:8092/my-security/oauth/token?grant_type=password&client_id=dtest&client_secret=test&username=user&password=password HTTP/1.1" 401 0 "-" "Mozilla/5.0 (Macintosh; Intel Mac OS X 10_11_5) AppleWebKit/537.36 (KHTML, like Gecko) Chrome/54.0.2840.98 Safari/537.36" 2
0:0:0:0:0:0:0:1 - - [21/nov./2016:21:19:50 +0000] "POST //localhost:8092/my-security/oauth/token?grant_type=password&client_id=dtest&client_secret=test&username=user&password=password HTTP/1.1" 401 0 "-" "Mozilla/5.0 (Macintosh; Intel Mac OS X 10_11_5) AppleWebKit/537.36 (KHTML, like Gecko) Chrome/54.0.2840.98 Safari/537.36" 1
0:0:0:0:0:0:0:1 - - [21/nov./2016:21:19:55 +0000] "POST //localhost:8092/my-security/oauth/token?grant_type=password&client_id=test&client_secret=test&username=user&password=password HTTP/1.1" 401 102 "-" "Mozilla/5.0 (Macintosh; Intel Mac OS X 10_11_5) AppleWebKit/537.36 (KHTML, like Gecko) Chrome/54.0.2840.98 Safari/537.36" 2
0:0:0:0:0:0:0:1 - - [21/nov./2016:21:20:00 +0000] "POST //localhost:8092/my-security/oauth/token?grant_type=password&client_id=test&client_secret=test&username=user&password=password HTTP/1.1" 200 178 "-" "Mozilla/5.0 (Macintosh; Intel Mac OS X 10_11_5) AppleWebKit/537.36 (KHTML, like Gecko) Chrome/54.0.2840.98 Safari/537.36" 12
0:0:0:0:0:0:0:1 - - [21/nov./2016:21:20:04 +0000] "POST //localhost:8092/my-security/oauth/token?grant_type=password&client_id=test&client_secret=test&username=sd&password=password HTTP/1.1" 400 63 "-" "Mozilla/5.0 (Macintosh; Intel Mac OS X 10_11_5) AppleWebKit/537.36 (KHTML, like Gecko) Chrome/54.0.2840.98 Safari/537.36" 4
0:0:0:0:0:0:0:1 - - [21/nov./2016:21:20:07 +0000] "POST //localhost:8092/my-security/oauth/token?grant_type=password&client_id=test&client_secret=test&username=user&password=password HTTP/1.1" 200 178 "-" "Mozilla/5.0 (Macintosh; Intel Mac OS X 10_11_5) AppleWebKit/537.36 (KHTML, like Gecko) Chrome/54.0.2840.98 Safari/537.36" 11
0:0:0:0:0:0:0:1 - - [21/nov./2016:21:20:20 +0000] "POST //localhost:8092/my-security/oauth/token?grant_type=password&client_id=test&client_secret=test&username=user&password=passdword HTTP/1.1" 400 63 "-" "Mozilla/5.0 (Macintosh; Intel Mac OS X 10_11_5) AppleWebKit/537.36 (KHTML, like Gecko) Chrome/54.0.2840.98 Safari/537.36" 4
0:0:0:0:0:0:0:1 - - [21/nov./2016:21:20:45 +0000] "POST //localhost:8092/my-security/oauth/token?grant_type=password&client_id=testd&client_secret=test&username=user&password=passdword HTTP/1.1" 401 100 "-" "Mozilla/5.0 (Macintosh; Intel Mac OS X 10_11_5) AppleWebKit/537.36 (KHTML, like Gecko) Chrome/54.0.2840.98 Safari/537.36" 3
0:0:0:0:0:0:0:1 - - [21/nov./2016:21:53:42 +0000] "GET //localhost:8092/my-security/oauth/authorize?response_type=code&client_id=acme&redirect_uri=http://example.com HTTP/1.1" 401 183 "-" "Mozilla/5.0 (Macintosh; Intel Mac OS X 10_11_5) AppleWebKit/537.36 (KHTML, like Gecko) Chrome/54.0.2840.98 Safari/537.36" 152
0:0:0:0:0:0:0:1 - - [21/nov./2016:21:53:58 +0000] "GET //localhost:8092/favicon.ico HTTP/1.1" 404 0 "http://localhost:8092/my-security/oauth/authorize?response_type=code&client_id=acme&redirect_uri=http://example.com" "Mozilla/5.0 (Macintosh; Intel Mac OS X 10_11_5) AppleWebKit/537.36 (KHTML, like Gecko) Chrome/54.0.2840.98 Safari/537.36" 4
0:0:0:0:0:0:0:1 - - [21/nov./2016:21:54:01 +0000] "GET //localhost:8092/my-security/oauth/authorize?response_type=code&client_id=test&redirect_uri=http://example.com HTTP/1.1" 401 183 "-" "Mozilla/5.0 (Macintosh; Intel Mac OS X 10_11_5) AppleWebKit/537.36 (KHTML, like Gecko) Chrome/54.0.2840.98 Safari/537.36" 6
0:0:0:0:0:0:0:1 - - [21/nov./2016:21:54:04 +0000] "GET //localhost:8092/my-security/oauth/authorize?response_type=code&client_id=test&redirect_uri=http://example.com HTTP/1.1" 401 137 "-" "Mozilla/5.0 (Macintosh; Intel Mac OS X 10_11_5) AppleWebKit/537.36 (KHTML, like Gecko) Chrome/54.0.2840.98 Safari/537.36" 7
0:0:0:0:0:0:0:1 - - [21/nov./2016:21:54:09 +0000] "GET //localhost:8092/my-security/oauth/authorize?response_type=code&client_id=test&redirect_uri=http://example.com HTTP/1.1" 401 137 "-" "Mozilla/5.0 (Macintosh; Intel Mac OS X 10_11_5) AppleWebKit/537.36 (KHTML, like Gecko) Chrome/54.0.2840.98 Safari/537.36" 3
0:0:0:0:0:0:0:1 - - [21/nov./2016:21:54:36 +0000] "GET //localhost:8092/my-security/oauth/authorize?response_type=code&client_id=test&redirect_uri=http://localhost:8080/demo/ HTTP/1.1" 401 183 "-" "Mozilla/5.0 (Macintosh; Intel Mac OS X 10_11_5) AppleWebKit/537.36 (KHTML, like Gecko) Chrome/54.0.2840.98 Safari/537.36" 9
0:0:0:0:0:0:0:1 - - [21/nov./2016:21:54:39 +0000] "GET //localhost:8092/my-security/oauth/authorize?response_type=code&client_id=test&redirect_uri=http://localhost:8080/demo/ HTTP/1.1" 401 137 "-" "Mozilla/5.0 (Macintosh; Intel Mac OS X 10_11_5) AppleWebKit/537.36 (KHTML, like Gecko) Chrome/54.0.2840.98 Safari/537.36" 3
0:0:0:0:0:0:0:1 - - [21/nov./2016:21:59:20 +0000] "GET //localhost:8092/oauth/token?grant_type=password&client_id=test&client_secret=test&username=user&password=password HTTP/1.1" 404 0 "-" "Mozilla/5.0 (Macintosh; Intel Mac OS X 10_11_5) AppleWebKit/537.36 (KHTML, like Gecko) Chrome/54.0.2840.98 Safari/537.36" 0
0:0:0:0:0:0:0:1 - - [21/nov./2016:21:59:27 +0000] "GET //localhost:8092/my-security/oauth/token?grant_type=password&client_id=test&client_secret=test&username=user&password=password HTTP/1.1" 401 177 "-" "Mozilla/5.0 (Macintosh; Intel Mac OS X 10_11_5) AppleWebKit/537.36 (KHTML, like Gecko) Chrome/54.0.2840.98 Safari/537.36" 10
0:0:0:0:0:0:0:1 - - [21/nov./2016:21:59:29 +0000] "GET //localhost:8092/my-security/oauth/token?grant_type=password&client_id=test&client_secret=test&username=user&password=password HTTP/1.1" 405 152 "-" "Mozilla/5.0 (Macintosh; Intel Mac OS X 10_11_5) AppleWebKit/537.36 (KHTML, like Gecko) Chrome/54.0.2840.98 Safari/537.36" 42
0:0:0:0:0:0:0:1 - - [21/nov./2016:21:59:35 +0000] "GET //localhost:8092/my-security/oauth/authorize?grant_type=password&client_id=test&client_secret=test&username=user&password=password HTTP/1.1" 401 137 "-" "Mozilla/5.0 (Macintosh; Intel Mac OS X 10_11_5) AppleWebKit/537.36 (KHTML, like Gecko) Chrome/54.0.2840.98 Safari/537.36" 2
0:0:0:0:0:0:0:1 - - [21/nov./2016:21:59:38 +0000] "GET //localhost:8092/my-security/oauth/authorize?grant_type=password&client_id=test&client_secret=test&username=user&password=password HTTP/1.1" 401 137 "-" "Mozilla/5.0 (Macintosh; Intel Mac OS X 10_11_5) AppleWebKit/537.36 (KHTML, like Gecko) Chrome/54.0.2840.98 Safari/537.36" 3
0:0:0:0:0:0:0:1 - - [21/nov./2016:21:59:41 +0000] "GET //localhost:8092/my-security/oauth/authorize?grant_type=password&client_id=test&client_secret=test&username=user&password=password HTTP/1.1" 302 0 "-" "Mozilla/5.0 (Macintosh; Intel Mac OS X 10_11_5) AppleWebKit/537.36 (KHTML, like Gecko) Chrome/54.0.2840.98 Safari/537.36" 26
0:0:0:0:0:0:0:1 - - [21/nov./2016:22:02:25 +0000] "GET //localhost:8092/my-security/oauth/token?grant_type=password&client_id=test&client_secret=test&username=user&password=password HTTP/1.1" 401 0 "-" "Mozilla/5.0 (Macintosh; Intel Mac OS X 10_11_5) AppleWebKit/537.36 (KHTML, like Gecko) Chrome/54.0.2840.98 Safari/537.36" 26
0:0:0:0:0:0:0:1 - - [21/nov./2016:22:02:29 +0000] "GET //localhost:8092/my-security/oauth/token?grant_type=password&client_id=test&client_secret=test&username=user&password=password HTTP/1.1" 401 177 "-" "Mozilla/5.0 (Macintosh; Intel Mac OS X 10_11_5) AppleWebKit/537.36 (KHTML, like Gecko) Chrome/54.0.2840.98 Safari/537.36" 144
0:0:0:0:0:0:0:1 - - [21/nov./2016:22:05:46 +0000] "POST //localhost:8092/my-security/oauth/token HTTP/1.1" 401 102 "-" "Mozilla/5.0 (Macintosh; Intel Mac OS X 10_11_5) AppleWebKit/537.36 (KHTML, like Gecko) Chrome/54.0.2840.98 Safari/537.36" 102
0:0:0:0:0:0:0:1 - - [21/nov./2016:22:05:50 +0000] "POST //localhost:8092/my-security/oauth/token HTTP/1.1" 401 102 "-" "Mozilla/5.0 (Macintosh; Intel Mac OS X 10_11_5) AppleWebKit/537.36 (KHTML, like Gecko) Chrome/54.0.2840.98 Safari/537.36" 5
0:0:0:0:0:0:0:1 - - [21/nov./2016:22:05:51 +0000] "POST //localhost:8092/my-security/oauth/token HTTP/1.1" 401 102 "-" "Mozilla/5.0 (Macintosh; Intel Mac OS X 10_11_5) AppleWebKit/537.36 (KHTML, like Gecko) Chrome/54.0.2840.98 Safari/537.36" 5
0:0:0:0:0:0:0:1 - - [21/nov./2016:22:05:51 +0000] "POST //localhost:8092/my-security/oauth/token HTTP/1.1" 401 102 "-" "Mozilla/5.0 (Macintosh; Intel Mac OS X 10_11_5) AppleWebKit/537.36 (KHTML, like Gecko) Chrome/54.0.2840.98 Safari/537.36" 3
0:0:0:0:0:0:0:1 - - [21/nov./2016:22:05:51 +0000] "POST //localhost:8092/my-security/oauth/token HTTP/1.1" 401 102 "-" "Mozilla/5.0 (Macintosh; Intel Mac OS X 10_11_5) AppleWebKit/537.36 (KHTML, like Gecko) Chrome/54.0.2840.98 Safari/537.36" 4
0:0:0:0:0:0:0:1 - - [21/nov./2016:22:05:51 +0000] "POST //localhost:8092/my-security/oauth/token HTTP/1.1" 401 102 "-" "Mozilla/5.0 (Macintosh; Intel Mac OS X 10_11_5) AppleWebKit/537.36 (KHTML, like Gecko) Chrome/54.0.2840.98 Safari/537.36" 3
0:0:0:0:0:0:0:1 - - [21/nov./2016:22:05:51 +0000] "POST //localhost:8092/my-security/oauth/token HTTP/1.1" 401 102 "-" "Mozilla/5.0 (Macintosh; Intel Mac OS X 10_11_5) AppleWebKit/537.36 (KHTML, like Gecko) Chrome/54.0.2840.98 Safari/537.36" 4
0:0:0:0:0:0:0:1 - - [21/nov./2016:22:05:52 +0000] "POST //localhost:8092/my-security/oauth/token HTTP/1.1" 401 102 "-" "Mozilla/5.0 (Macintosh; Intel Mac OS X 10_11_5) AppleWebKit/537.36 (KHTML, like Gecko) Chrome/54.0.2840.98 Safari/537.36" 3
0:0:0:0:0:0:0:1 - - [21/nov./2016:22:05:52 +0000] "POST //localhost:8092/my-security/oauth/token HTTP/1.1" 401 102 "-" "Mozilla/5.0 (Macintosh; Intel Mac OS X 10_11_5) AppleWebKit/537.36 (KHTML, like Gecko) Chrome/54.0.2840.98 Safari/537.36" 5
0:0:0:0:0:0:0:1 - - [21/nov./2016:22:05:57 +0000] "POST //localhost:8092/my-security/oauth/token HTTP/1.1" 401 102 "-" "Mozilla/5.0 (Macintosh; Intel Mac OS X 10_11_5) AppleWebKit/537.36 (KHTML, like Gecko) Chrome/54.0.2840.98 Safari/537.36" 3
0:0:0:0:0:0:0:1 - - [21/nov./2016:22:05:57 +0000] "POST //localhost:8092/my-security/oauth/token HTTP/1.1" 401 102 "-" "Mozilla/5.0 (Macintosh; Intel Mac OS X 10_11_5) AppleWebKit/537.36 (KHTML, like Gecko) Chrome/54.0.2840.98 Safari/537.36" 3
0:0:0:0:0:0:0:1 - - [21/nov./2016:22:05:58 +0000] "POST //localhost:8092/my-security/oauth/token HTTP/1.1" 401 102 "-" "Mozilla/5.0 (Macintosh; Intel Mac OS X 10_11_5) AppleWebKit/537.36 (KHTML, like Gecko) Chrome/54.0.2840.98 Safari/537.36" 3
0:0:0:0:0:0:0:1 - - [21/nov./2016:22:06:00 +0000] "POST //localhost:8092/my-security/oauth/token HTTP/1.1" 401 102 "-" "Mozilla/5.0 (Macintosh; Intel Mac OS X 10_11_5) AppleWebKit/537.36 (KHTML, like Gecko) Chrome/54.0.2840.98 Safari/537.36" 3
0:0:0:0:0:0:0:1 - - [21/nov./2016:22:06:17 +0000] "POST //localhost:8092/my-security/oauth/token HTTP/1.1" 401 102 "-" "Mozilla/5.0 (Macintosh; Intel Mac OS X 10_11_5) AppleWebKit/537.36 (KHTML, like Gecko) Chrome/54.0.2840.98 Safari/537.36" 59
0:0:0:0:0:0:0:1 - - [21/nov./2016:22:06:20 +0000] "POST //localhost:8092/my-security/oauth/token HTTP/1.1" 200 123 "-" "Mozilla/5.0 (Macintosh; Intel Mac OS X 10_11_5) AppleWebKit/537.36 (KHTML, like Gecko) Chrome/54.0.2840.98 Safari/537.36" 173
0:0:0:0:0:0:0:1 - - [21/nov./2016:22:46:16 +0000] "POST //localhost:8092/my-security/oauth/token?grant_type=password&client_id=test&client_secret=test&username=user&password=password HTTP/1.1" 200 178 "-" "Mozilla/5.0 (Macintosh; Intel Mac OS X 10_11_5) AppleWebKit/537.36 (KHTML, like Gecko) Chrome/54.0.2840.98 Safari/537.36" 283
0:0:0:0:0:0:0:1 - - [21/nov./2016:22:46:18 +0000] "POST //localhost:8092/my-security/oauth/token?grant_type=password&client_id=test&client_secret=test&username=user&password=password HTTP/1.1" 200 178 "-" "Mozilla/5.0 (Macintosh; Intel Mac OS X 10_11_5) AppleWebKit/537.36 (KHTML, like Gecko) Chrome/54.0.2840.98 Safari/537.36" 31
0:0:0:0:0:0:0:1 - - [21/nov./2016:22:46:18 +0000] "POST //localhost:8092/my-security/oauth/token?grant_type=password&client_id=test&client_secret=test&username=user&password=password HTTP/1.1" 200 178 "-" "Mozilla/5.0 (Macintosh; Intel Mac OS X 10_11_5) AppleWebKit/537.36 (KHTML, like Gecko) Chrome/54.0.2840.98 Safari/537.36" 15
0:0:0:0:0:0:0:1 - - [21/nov./2016:22:46:19 +0000] "POST //localhost:8092/my-security/oauth/token?grant_type=password&client_id=test&client_secret=test&username=user&password=password HTTP/1.1" 200 178 "-" "Mozilla/5.0 (Macintosh; Intel Mac OS X 10_11_5) AppleWebKit/537.36 (KHTML, like Gecko) Chrome/54.0.2840.98 Safari/537.36" 18
0:0:0:0:0:0:0:1 - - [21/nov./2016:22:46:19 +0000] "POST //localhost:8092/my-security/oauth/token?grant_type=password&client_id=test&client_secret=test&username=user&password=password HTTP/1.1" 200 178 "-" "Mozilla/5.0 (Macintosh; Intel Mac OS X 10_11_5) AppleWebKit/537.36 (KHTML, like Gecko) Chrome/54.0.2840.98 Safari/537.36" 16
0:0:0:0:0:0:0:1 - - [21/nov./2016:22:46:19 +0000] "POST //localhost:8092/my-security/oauth/token?grant_type=password&client_id=test&client_secret=test&username=user&password=password HTTP/1.1" 200 178 "-" "Mozilla/5.0 (Macintosh; Intel Mac OS X 10_11_5) AppleWebKit/537.36 (KHTML, like Gecko) Chrome/54.0.2840.98 Safari/537.36" 20
0:0:0:0:0:0:0:1 - - [21/nov./2016:22:46:19 +0000] "POST //localhost:8092/my-security/oauth/token?grant_type=password&client_id=test&client_secret=test&username=user&password=password HTTP/1.1" 200 178 "-" "Mozilla/5.0 (Macintosh; Intel Mac OS X 10_11_5) AppleWebKit/537.36 (KHTML, like Gecko) Chrome/54.0.2840.98 Safari/537.36" 16
0:0:0:0:0:0:0:1 - - [21/nov./2016:22:46:19 +0000] "POST //localhost:8092/my-security/oauth/token?grant_type=password&client_id=test&client_secret=test&username=user&password=password HTTP/1.1" 200 178 "-" "Mozilla/5.0 (Macintosh; Intel Mac OS X 10_11_5) AppleWebKit/537.36 (KHTML, like Gecko) Chrome/54.0.2840.98 Safari/537.36" 17
0:0:0:0:0:0:0:1 - - [21/nov./2016:22:46:19 +0000] "POST //localhost:8092/my-security/oauth/token?grant_type=password&client_id=test&client_secret=test&username=user&password=password HTTP/1.1" 200 178 "-" "Mozilla/5.0 (Macintosh; Intel Mac OS X 10_11_5) AppleWebKit/537.36 (KHTML, like Gecko) Chrome/54.0.2840.98 Safari/537.36" 14
0:0:0:0:0:0:0:1 - - [21/nov./2016:22:46:19 +0000] "POST //localhost:8092/my-security/oauth/token?grant_type=password&client_id=test&client_secret=test&username=user&password=password HTTP/1.1" 200 178 "-" "Mozilla/5.0 (Macintosh; Intel Mac OS X 10_11_5) AppleWebKit/537.36 (KHTML, like Gecko) Chrome/54.0.2840.98 Safari/537.36" 19
0:0:0:0:0:0:0:1 - - [21/nov./2016:22:46:20 +0000] "POST //localhost:8092/my-security/oauth/token?grant_type=password&client_id=test&client_secret=test&username=user&password=password HTTP/1.1" 200 178 "-" "Mozilla/5.0 (Macintosh; Intel Mac OS X 10_11_5) AppleWebKit/537.36 (KHTML, like Gecko) Chrome/54.0.2840.98 Safari/537.36" 21
0:0:0:0:0:0:0:1 - - [21/nov./2016:22:46:20 +0000] "POST //localhost:8092/my-security/oauth/token?grant_type=password&client_id=test&client_secret=test&username=user&password=password HTTP/1.1" 200 178 "-" "Mozilla/5.0 (Macintosh; Intel Mac OS X 10_11_5) AppleWebKit/537.36 (KHTML, like Gecko) Chrome/54.0.2840.98 Safari/537.36" 15
0:0:0:0:0:0:0:1 - - [21/nov./2016:22:46:20 +0000] "POST //localhost:8092/my-security/oauth/token?grant_type=password&client_id=test&client_secret=test&username=user&password=password HTTP/1.1" 200 178 "-" "Mozilla/5.0 (Macintosh; Intel Mac OS X 10_11_5) AppleWebKit/537.36 (KHTML, like Gecko) Chrome/54.0.2840.98 Safari/537.36" 14
0:0:0:0:0:0:0:1 - - [21/nov./2016:22:57:02 +0000] "GET //localhost:8092/my-security/oauth/token?grant_type=password&client_id=test&client_secret=test&username=user&password=password HTTP/1.1" 405 87 "-" "Mozilla/5.0 (Macintosh; Intel Mac OS X 10_11_5) AppleWebKit/537.36 (KHTML, like Gecko) Chrome/54.0.2840.98 Safari/537.36" 148
0:0:0:0:0:0:0:1 - - [21/nov./2016:22:57:08 +0000] "GET //localhost:8092/my-security/oauth/authorize?response_type=code&client_id=test&redirect_uri=http://localhost:8080/demo/ HTTP/1.1" 302 0 "-" "Mozilla/5.0 (Macintosh; Intel Mac OS X 10_11_5) AppleWebKit/537.36 (KHTML, like Gecko) Chrome/54.0.2840.98 Safari/537.36" 16
0:0:0:0:0:0:0:1 - - [21/nov./2016:22:57:08 +0000] "GET //localhost:8092/my-security/login HTTP/1.1" 200 562 "-" "Mozilla/5.0 (Macintosh; Intel Mac OS X 10_11_5) AppleWebKit/537.36 (KHTML, like Gecko) Chrome/54.0.2840.98 Safari/537.36" 4
0:0:0:0:0:0:0:1 - - [21/nov./2016:22:58:29 +0000] "POST //localhost:8092/my-security/login HTTP/1.1" 302 0 "http://localhost:8092/my-security/login" "Mozilla/5.0 (Macintosh; Intel Mac OS X 10_11_5) AppleWebKit/537.36 (KHTML, like Gecko) Chrome/54.0.2840.98 Safari/537.36" 2
0:0:0:0:0:0:0:1 - - [21/nov./2016:22:58:29 +0000] "GET //localhost:8092/my-security/login?error HTTP/1.1" 200 676 "http://localhost:8092/my-security/login" "Mozilla/5.0 (Macintosh; Intel Mac OS X 10_11_5) AppleWebKit/537.36 (KHTML, like Gecko) Chrome/54.0.2840.98 Safari/537.36" 1
0:0:0:0:0:0:0:1 - - [21/nov./2016:23:00:15 +0000] "POST //localhost:8092/my-security/login HTTP/1.1" 302 0 "http://localhost:8092/my-security/login?error" "Mozilla/5.0 (Macintosh; Intel Mac OS X 10_11_5) AppleWebKit/537.36 (KHTML, like Gecko) Chrome/54.0.2840.98 Safari/537.36" 6
0:0:0:0:0:0:0:1 - - [21/nov./2016:23:00:15 +0000] "GET //localhost:8092/my-security/oauth/authorize?response_type=code&client_id=test&redirect_uri=http://localhost:8080/demo/ HTTP/1.1" 400 237 "http://localhost:8092/my-security/login?error" "Mozilla/5.0 (Macintosh; Intel Mac OS X 10_11_5) AppleWebKit/537.36 (KHTML, like Gecko) Chrome/54.0.2840.98 Safari/537.36" 28
0:0:0:0:0:0:0:1 - - [21/nov./2016:23:02:18 +0000] "GET //localhost:8092/my-security/oauth/authorize?response_type=code&client_id=test&redirect_uri=http://localhost:8080/demo/* HTTP/1.1" 302 0 "-" "Mozilla/5.0 (Macintosh; Intel Mac OS X 10_11_5) AppleWebKit/537.36 (KHTML, like Gecko) Chrome/54.0.2840.98 Safari/537.36" 49
0:0:0:0:0:0:0:1 - - [21/nov./2016:23:02:29 +0000] "GET //localhost:8092/my-security/oauth/authorize?response_type=code&client_id=test&redirect_uri=http://localhost:8080/demo/ HTTP/1.1" 400 237 "http://localhost:8092/my-security/login?error" "Mozilla/5.0 (Macintosh; Intel Mac OS X 10_11_5) AppleWebKit/537.36 (KHTML, like Gecko) Chrome/54.0.2840.98 Safari/537.36" 4
0:0:0:0:0:0:0:1 - - [21/nov./2016:23:02:35 +0000] "GET //localhost:8092/my-security/oauth/authorize?response_type=code&client_id=test&redirect_uri=http://localhost:8080/demo/ HTTP/1.1" 400 237 "-" "Mozilla/5.0 (Macintosh; Intel Mac OS X 10_11_5) AppleWebKit/537.36 (KHTML, like Gecko) Chrome/54.0.2840.98 Safari/537.36" 5
0:0:0:0:0:0:0:1 - - [21/nov./2016:23:02:42 +0000] "GET //localhost:8092/my-security/oauth/authorize?response_type=code&client_id=test&redirect_uri=http://localhost:8080/demo/* HTTP/1.1" 302 0 "-" "Mozilla/5.0 (Macintosh; Intel Mac OS X 10_11_5) AppleWebKit/537.36 (KHTML, like Gecko) Chrome/54.0.2840.98 Safari/537.36" 7
