0:0:0:0:0:0:0:1 - - [19/nov./2016:14:18:15 +0000] "POST //localhost:8092/oauth/token?grant_type=client_credentials HTTP/1.1" 404 0 "-" "curl/7.43.0" 10
0:0:0:0:0:0:0:1 - - [19/nov./2016:14:18:19 +0000] "POST //localhost:8092/oauth/token?grant_type=client_credentials HTTP/1.1" 404 0 "-" "curl/7.43.0" 1
0:0:0:0:0:0:0:1 - - [19/nov./2016:14:18:29 +0000] "POST //localhost:8092/my-security/oauth/token?grant_type=client_credentials HTTP/1.1" 405 0 "-" "curl/7.43.0" 6
0:0:0:0:0:0:0:1 - - [19/nov./2016:14:19:01 +0000] "POST //localhost:8092//oauth/check_token?token=add57caa-76c4-4dc5-9fd4-5574372b1eda HTTP/1.1" 404 0 "-" "Mozilla/5.0 (Macintosh; Intel Mac OS X 10_11_5) AppleWebKit/537.36 (KHTML, like Gecko) Chrome/54.0.2840.98 Safari/537.36" 0
0:0:0:0:0:0:0:1 - - [19/nov./2016:14:19:06 +0000] "POST //localhost:8092//my-security/oauth/check_token?token=add57caa-76c4-4dc5-9fd4-5574372b1eda HTTP/1.1" 404 0 "-" "Mozilla/5.0 (Macintosh; Intel Mac OS X 10_11_5) AppleWebKit/537.36 (KHTML, like Gecko) Chrome/54.0.2840.98 Safari/537.36" 1
0:0:0:0:0:0:0:1 - - [19/nov./2016:14:19:18 +0000] "POST //localhost:8092//my-security/oauth/check_token?token=add57caa-76c4-4dc5-9fd4-5574372b1eda HTTP/1.1" 404 0 "-" "Mozilla/5.0 (Macintosh; Intel Mac OS X 10_11_5) AppleWebKit/537.36 (KHTML, like Gecko) Chrome/54.0.2840.98 Safari/537.36" 1
0:0:0:0:0:0:0:1 - - [19/nov./2016:14:19:26 +0000] "POST //localhost:8092/my-security/oauth/check_token?token=add57caa-76c4-4dc5-9fd4-5574372b1eda HTTP/1.1" 405 0 "-" "Mozilla/5.0 (Macintosh; Intel Mac OS X 10_11_5) AppleWebKit/537.36 (KHTML, like Gecko) Chrome/54.0.2840.98 Safari/537.36" 5
0:0:0:0:0:0:0:1 - - [19/nov./2016:14:19:54 +0000] "POST //localhost:8092/my-security/oauth/token?grant_type=client_credentials HTTP/1.1" 405 0 "-" "curl/7.43.0" 0
0:0:0:0:0:0:0:1 - - [19/nov./2016:14:53:02 +0000] "POST //localhost:8092/my-security/oauth/token?grant_type=client_credentials HTTP/1.1" 401 0 "-" "curl/7.43.0" 46
0:0:0:0:0:0:0:1 - - [19/nov./2016:14:53:05 +0000] "POST //localhost:8092/my-security/oauth/token?grant_type=client_credentials HTTP/1.1" 401 0 "-" "curl/7.43.0" 2
0:0:0:0:0:0:0:1 - - [19/nov./2016:14:53:06 +0000] "POST //localhost:8092/my-security/oauth/token?grant_type=client_credentials HTTP/1.1" 401 0 "-" "curl/7.43.0" 2
0:0:0:0:0:0:0:1 - - [19/nov./2016:14:53:07 +0000] "POST //localhost:8092/my-security/oauth/token?grant_type=client_credentials HTTP/1.1" 401 0 "-" "curl/7.43.0" 1
0:0:0:0:0:0:0:1 - - [19/nov./2016:14:53:12 +0000] "POST //localhost:8092/my-sescurity/oauth/token?grant_type=client_credentials HTTP/1.1" 404 0 "-" "curl/7.43.0" 1
0:0:0:0:0:0:0:1 - - [19/nov./2016:16:58:12 +0000] "POST //localhost:8092/my-security/oauth/token?grant_type=client_credentials HTTP/1.1" 200 219 "-" "curl/7.43.0" 206
0:0:0:0:0:0:0:1 - - [19/nov./2016:17:01:12 +0000] "POST //localhost:8092/my-security/oauth/token?grant_type=client_credentials HTTP/1.1" 200 123 "-" "curl/7.43.0" 36
0:0:0:0:0:0:0:1 - - [19/nov./2016:17:01:14 +0000] "POST //localhost:8092/my-security/oauth/token?grant_type=client_credentials HTTP/1.1" 200 123 "-" "curl/7.43.0" 12
0:0:0:0:0:0:0:1 - - [19/nov./2016:17:01:15 +0000] "POST //localhost:8092/my-security/oauth/token?grant_type=client_credentials HTTP/1.1" 200 123 "-" "curl/7.43.0" 11
0:0:0:0:0:0:0:1 - - [19/nov./2016:17:01:15 +0000] "POST //localhost:8092/my-security/oauth/token?grant_type=client_credentials HTTP/1.1" 200 123 "-" "curl/7.43.0" 10
0:0:0:0:0:0:0:1 - - [19/nov./2016:17:01:16 +0000] "POST //localhost:8092/my-security/oauth/token?grant_type=client_credentials HTTP/1.1" 200 123 "-" "curl/7.43.0" 11
0:0:0:0:0:0:0:1 - - [19/nov./2016:17:01:16 +0000] "POST //localhost:8092/my-security/oauth/token?grant_type=client_credentials HTTP/1.1" 200 123 "-" "curl/7.43.0" 11
0:0:0:0:0:0:0:1 - - [19/nov./2016:17:01:16 +0000] "POST //localhost:8092/my-security/oauth/token?grant_type=client_credentials HTTP/1.1" 200 123 "-" "curl/7.43.0" 11
0:0:0:0:0:0:0:1 - - [19/nov./2016:17:01:17 +0000] "POST //localhost:8092/my-security/oauth/token?grant_type=client_credentials HTTP/1.1" 200 123 "-" "curl/7.43.0" 11
